********************************************************************************
Field Output Report, written Tue Aug 14 16:46:47 2018

Source 1
---------

   ODB: C:/Temp/Job-new.odb
   Step: Step-new
   Frame: Increment      1: Step Time =    1.000

Loc 1 : Centroidal values from source 1

Output sorted by column "Element Label".

Field Output reported at element centroid for region: RVE-1.Region_1

         Element           E.E11           E.E22           E.E12
           Label          @Loc 1          @Loc 1          @Loc 1
-----------------------------------------------------------------
               1    -9.22169E-03     943.331E-06    -1.62439E-03
               2    -6.68123E-03     113.602E-06     115.807E-06
               3    -6.73185E-03     167.927E-06    -76.9426E-06
               4    -6.67122E-03     194.313E-06     162.763E-06
               5    -7.72358E-03     469.282E-06     128.258E-06
               6    -7.69834E-03     455.745E-06    -151.610E-06
               7    -6.73947E-03     201.203E-06    -13.3842E-06
               8    -7.11464E-03     38.0208E-06     568.963E-06
               9    -7.15470E-03     50.0462E-06     742.257E-06
              10    -6.61281E-03    -191.873E-06    -94.9696E-06
              11    -6.69965E-03    -199.821E-06    -267.682E-06
              12    -6.74127E-03    -189.176E-06    -386.962E-06
              13    -6.49274E-03    -37.7956E-06     164.114E-06
              14    -7.36096E-03     180.752E-06    -873.033E-06
              15    -6.59528E-03    -195.925E-06    -143.776E-06
              16    -6.52726E-03     183.081E-06     27.1240E-06
              17    -6.64468E-03     184.456E-06    -114.605E-06
              18    -6.66239E-03     233.509E-06    -62.3690E-06
              19    -7.00921E-03    -143.826E-06     1.35977E-03
              20    -6.75895E-03    -201.847E-06     680.078E-06
              21    -7.44656E-03     144.269E-06    -1.53844E-03
              22    -7.99994E-03     399.243E-06     2.30311E-03
              23    -6.79584E-03    -159.141E-06    -571.932E-06
              24    -6.54309E-03    -269.561E-06     466.174E-06
              25    -7.87209E-03     165.023E-06    -2.44091E-03
              26    -7.94568E-03     375.542E-06    -1.98562E-03
              27    -6.28135E-03    -263.545E-06    -545.845E-06
              28    -6.59856E-03     126.211E-06    -194.287E-06
              29    -6.59188E-03    -158.705E-06    -36.7001E-06
              30    -6.63109E-03    -145.275E-06    -1.14731E-06
              31    -7.15460E-03     85.3249E-06     55.0444E-06
              32    -6.62237E-03    -181.365E-06     13.8814E-06
              33    -7.55704E-03     380.840E-06    -7.97954E-06
              34    -7.26574E-03     164.077E-06    -59.5513E-06
              35    -7.21399E-03    -138.037E-06    -2.45399E-03
              36    -6.64598E-03    -101.006E-06     4.49596E-06
              37    -6.70126E-03     51.5171E-06     66.9292E-06
              38    -4.31351E-03    -715.476E-06    -3.79340E-03
              39    -5.63517E-03    -141.087E-06     4.03109E-03
              40    -6.69164E-03     7.67128E-06    -15.1019E-06
              41    -6.63400E-03    -110.106E-06    -15.5402E-06
              42    -7.25848E-03     156.452E-06     176.191E-06
              43    -6.63649E-03    -255.900E-06    -16.8352E-06
              44    -7.52412E-03     355.275E-06    -29.4946E-06
              45    -3.58177E-03    -1.08128E-03    -1.78613E-03
              46    -6.67432E-03    -3.75445E-06     65.5507E-06
              47    -8.79730E-03     857.721E-06    -2.79112E-03
              48    -6.94957E-03    -60.3408E-06    -47.3915E-06
              49    -6.62952E-03    -262.995E-06     1.34617E-06
              50    -6.62796E-03    -260.514E-06     5.29018E-06
              51    -6.62120E-03    -245.397E-06     9.98343E-06
              52    -6.61927E-03    -230.821E-06     9.76115E-06
              53    -6.62275E-03    -180.836E-06     6.47732E-06
              54    -6.64272E-03    -101.534E-06    -14.4633E-06
              55    -6.61943E-03    -209.623E-06     7.48869E-06
              56    -6.91563E-03     120.604E-06     3.34545E-03
              57    -6.63771E-03    -107.721E-06    -16.0954E-06
              58    -6.66794E-03    -47.3564E-06    -8.49809E-06
              59    -6.69327E-03     8.86902E-06    -13.1166E-06
              60    -5.16243E-03    -179.313E-06     268.483E-06
              61    -6.68804E-03     6.66061E-06    -33.9251E-06
              62    -6.76531E-03     148.678E-06    -9.00197E-06
              63    -5.56160E-03    -145.789E-06    -4.21474E-03
              64    -6.74009E-03     110.401E-06     38.9594E-06
              65    -6.74560E-03     111.749E-06     13.6040E-06
              66    -6.71999E-03     62.5973E-06     13.6762E-06
              67    -6.69231E-03     8.12481E-06     14.5230E-06
              68    -6.68571E-03     3.11767E-06     38.6052E-06
              69    -6.62772E-03    -147.735E-06    -1.47561E-06
              70    -6.61987E-03    -183.028E-06    -5.38714E-06
              71    -6.61668E-03    -211.705E-06    -8.46239E-06
              72    -6.61760E-03    -231.772E-06    -9.84006E-06
              73    -6.62057E-03    -245.887E-06    -9.55651E-06
              74    -6.62991E-03    -263.436E-06    -2.61172E-06
              75    -6.63852E-03    -257.939E-06    -5.65185E-06
              76    -6.69217E-03    -226.572E-06    -16.0253E-06
              77    -6.73646E-03    -199.402E-06    -23.8163E-06
              78    -6.86427E-03    -116.806E-06    -39.3825E-06
              79    -6.62205E-03    -184.350E-06    -17.3480E-06
              80    -9.40081E-03     776.871E-06    -1.71414E-03
              81    -7.15512E-03     84.6627E-06    -57.9621E-06
              82    -7.04024E-03     2.22267E-06    -158.381E-06
              83    -8.38086E-03     734.905E-06    -3.19929E-03
              84    -7.53938E-03     363.979E-06    -90.2278E-06
              85    -7.57514E-03     390.329E-06    -26.3837E-06
              86    -9.61908E-03     763.430E-06     13.1513E-06
              87    -9.29591E-03     758.238E-06     1.80729E-03
              88    -7.37092E-03     238.911E-06     163.091E-06
              89    -7.45390E-03     302.679E-06     44.6157E-06
              90    -7.36389E-03     237.169E-06     54.1538E-06
              91    -7.26347E-03     163.003E-06     56.9227E-06
              92    -7.26447E-03     162.240E-06     171.040E-06
              93    -7.05068E-03     11.2187E-06     50.6952E-06
              94    -6.86771E-03    -113.809E-06     36.6593E-06
              95    -6.73560E-03    -198.245E-06     65.3182E-06
              96    -6.79567E-03    -161.223E-06     28.4063E-06
              97    -6.66120E-03    -245.233E-06     10.9089E-06
              98    -6.64126E-03    -257.072E-06     5.56166E-06
              99    -6.63038E-03    -262.496E-06     2.06614E-06
             100    -6.64083E-03    -256.682E-06     5.47200E-06
             101    -6.62849E-03    -242.368E-06     32.8833E-06
             102    -6.62044E-03    -211.488E-06     31.2380E-06
             103    -6.62491E-03    -254.905E-06     8.93316E-06
             104    -6.61780E-03    -231.775E-06     10.9511E-06
             105    -6.61714E-03    -211.124E-06     8.74062E-06
             106    -6.62867E-03    -145.995E-06     170.962E-09
             107    -6.64358E-03    -101.152E-06    -4.15356E-06
             108    -3.64903E-03    -1.03613E-03     1.67756E-03
             109    -6.68603E-03     5.28143E-06    -42.9275E-06
             110    -6.72052E-03     63.2930E-06    -15.8545E-06
             111    -6.71480E-03     62.3776E-06    -48.3410E-06
             112    -6.76679E-03     148.211E-06    -8.22116E-06
             113    -6.77681E-03     167.401E-06     4.84443E-06
             114    -6.08268E-03     92.6137E-06    -4.37086E-03
             115    -6.74462E-03     110.268E-06     15.1936E-06
             116    -6.61008E-03    -136.164E-06    -7.88653E-06
             117    -6.64279E-03    -103.608E-06     9.66874E-06
             118    -6.66674E-03    -47.9084E-06     7.63899E-06
             119    -6.78615E-03    -167.037E-06    -92.0861E-06
             120    -6.62214E-03    -183.067E-06    -3.84681E-06
             121    -6.62309E-03    -230.463E-06    -31.0598E-06
             122    -6.61846E-03    -210.773E-06    -8.34465E-06
             123    -6.62475E-03    -254.987E-06    -7.73230E-06
             124    -6.62773E-03    -260.896E-06    -5.65653E-06
             125    -6.62899E-03    -263.913E-06    -2.04214E-06
             126    -6.62729E-03    -260.660E-06    -5.56901E-06
             127    -6.68805E-03    -226.417E-06    -49.2000E-06
             128    -6.78698E-03    -166.242E-06    -92.2143E-06
             129    -6.66007E-03    -245.557E-06    -10.9063E-06
             130    -6.73665E-03    -199.269E-06    -23.4830E-06
             131    -6.79335E-03    -163.653E-06    -30.1055E-06
             132    -6.62340E-03    -185.759E-06    -35.5725E-06
             133    -6.85719E-03    -121.598E-06    -115.213E-06
             134    -9.42915E-03     677.650E-06    -1.52173E-03
             135    -7.37610E-03     242.088E-06    -164.741E-06
             136    -7.37106E-03     241.165E-06    -55.3249E-06
             137    -7.45987E-03     307.168E-06    -44.1599E-06
             138    -7.55734E-03     379.767E-06    -8.00119E-06
             139    -7.53058E-03     357.042E-06     94.5809E-06
             140    -7.53935E-03     363.166E-06    -87.1817E-06
             141    -8.82387E-03     844.992E-06     2.71962E-03
             142    -7.47613E-03     309.670E-06     251.256E-06
             143    -7.25919E-03     158.902E-06     59.6037E-06
             144    -7.44181E-03     645.250E-06     4.18506E-03
             145    -7.15356E-03     82.1963E-06     56.0503E-06
             146    -6.95063E-03    -59.5515E-06     44.7391E-06
             147    -6.86464E-03    -117.180E-06     37.6672E-06
             148    -6.79359E-03    -163.366E-06     27.8718E-06
             149    -6.73656E-03    -199.075E-06     21.9608E-06
             150    -6.66139E-03    -244.494E-06     11.4162E-06
             151    -9.61938E-03     520.225E-06     735.038E-06
             152    -7.07090E-03     164.013E-06    -3.32301E-03
             153    -3.18346E-03    -1.34475E-03    -1.18636E-03
             154    -9.41942E-03     753.349E-06    -720.959E-06
             155    -4.95642E-03    -483.174E-06    -2.11020E-03
             156    -3.10197E-03    -1.39406E-03     1.14283E-03
             157    -8.30150E-03     711.738E-06     3.27342E-03
             158    -9.67553E-03     520.770E-06     271.548E-06
             159    -9.46823E-03     603.771E-06     1.25142E-03
             160    -6.00082E-03     86.9428E-06     4.46846E-03
             161    -7.40587E-03     242.618E-06     521.617E-06
             162    -6.66508E-03    -47.7845E-06    -10.3172E-06
             163    -6.76558E-03     148.050E-06     9.42898E-06
             164    -6.74729E-03     112.628E-06    -14.6456E-06
             165    -5.02767E-03    -463.368E-06     1.97131E-03
             166    -7.38813E-03     238.529E-06    -396.901E-06
             167    -4.20868E-03    -761.688E-06     3.84903E-03
             168    -6.66488E-03    -47.8913E-06    -27.8501E-06
             169    -6.77638E-03     167.238E-06    -4.42080E-06
             170    -6.71932E-03     62.8903E-06    -12.1995E-06
             171    -7.43067E-03     679.469E-06    -4.33786E-03
             172    -6.71362E-03     60.4551E-06     44.3636E-06
             173    -6.66134E-03    -11.7710E-06     75.5517E-06
             174    -6.77750E-03     168.565E-06    -3.76581E-06
             175    -7.27096E-03     165.454E-06    -177.144E-06
             176    -7.04853E-03     8.15876E-06    -55.9122E-06
             177    -6.77267E-03     170.169E-06     9.74986E-06
             178    -6.74430E-03     110.694E-06    -14.9270E-06
             179    -7.51922E-03     351.491E-06     32.3899E-06
             180    -6.62428E-03    -154.191E-06     15.5230E-06
             181    -6.67530E-03    -1.66233E-06    -63.6978E-06
             182    -9.60491E-03     448.621E-06    -673.957E-06
             183    -7.26572E-03     162.340E-06    -174.626E-06
             184    -7.46187E-03     306.613E-06     137.636E-06
             185    -7.52526E-03     356.359E-06    -30.0437E-06
             186    -6.64742E-03    -98.5059E-06    -4.68786E-06
             187    -7.04760E-03     8.47943E-06    -54.8369E-06
             188    -6.94862E-03    -59.8316E-06    -46.5213E-06
             189    -6.95284E-03    -56.1815E-06     42.9668E-06
             190    -6.79299E-03    -163.289E-06    -30.7037E-06
             191    -6.63149E-03    -145.203E-06    -1.36226E-06
             192    -7.47866E-03     312.481E-06    -238.264E-06
             193    -7.26700E-03     164.640E-06    -59.2509E-06
             194    -7.15745E-03     85.2321E-06    -58.6637E-06
             195    -6.62000E-03    -183.295E-06     6.71399E-06
             196    -7.04746E-03     7.65879E-06     53.3398E-06
             197    -6.62780E-03    -148.946E-06     5.04591E-06
             198    -6.70126E-03     56.7857E-06    -79.1012E-06
             199    -6.86367E-03    -117.807E-06    -39.7109E-06
             200    -6.66524E-03    -49.3377E-06     9.50830E-06
             201    -6.94373E-03    -64.2648E-06    -142.088E-06
             202    -7.04682E-03     5.99866E-06    -162.485E-06
             203    -7.15766E-03     83.9601E-06    -175.559E-06
             204    -7.51780E-03     351.043E-06     31.5017E-06
             205    -7.55532E-03     378.908E-06     11.9575E-06
             206    -7.45966E-03     307.002E-06    -45.4328E-06
             207    -7.37017E-03     240.562E-06    -55.1526E-06
             208    -6.69115E-03     6.49936E-06     12.5634E-06
             209    -6.71845E-03     61.9529E-06     13.9383E-06
             210    -6.73129E-03     115.065E-06    -73.4629E-06
             211    -7.36399E-03     235.332E-06     56.2863E-06
             212    -7.45137E-03     301.138E-06     46.3306E-06
             213    -6.76521E-03     147.472E-06     8.69070E-06
             214    -6.62467E-03    -254.982E-06     9.45243E-06
             215    -6.69320E-03    -226.104E-06     15.1348E-06
             216    -6.86700E-03    -114.343E-06     107.818E-06
             217    -6.64918E-03    -233.946E-06     65.8704E-06
             218    -7.15706E-03     84.9095E-06     165.359E-06
             219    -6.61966E-03    -207.509E-06     25.7412E-06
             220    -5.69660E-03    -394.451E-06     1.34623E-03
             221    -6.73072E-03     113.260E-06    -72.8536E-06
             222    -6.71489E-03     61.7802E-06    -44.4935E-06
             223    -6.74179E-03     165.649E-06     66.0464E-06
             224    -6.74140E-03     112.666E-06    -38.7325E-06
             225    -6.71866E-03     120.781E-06    -88.7779E-06
             226    -6.77673E-03     168.259E-06     4.40089E-06
             227    -6.72874E-03     109.393E-06     69.3083E-06
             228    -6.63933E-03    -107.413E-06     10.9881E-06
             229    -6.64344E-03    -101.100E-06     5.63544E-06
             230    -6.66003E-03    -53.7265E-06     30.1332E-06
             231    -6.66349E-03    -225.204E-06    -93.9003E-06
             232    -6.62254E-03    -230.420E-06    -30.4971E-06
             233    -6.69236E-03    -226.373E-06    -16.3343E-06
             234    -6.62399E-03    -255.539E-06    -7.84755E-06
             235    -6.66028E-03    -245.579E-06    -10.9247E-06
             236    -6.62118E-03    -245.921E-06    -9.65169E-06
             237    -6.62884E-03    -149.079E-06    -2.37615E-06
             238    -6.67696E-03    -227.897E-06    -75.8032E-06
             239    -6.62274E-03    -187.571E-06    -31.8934E-06
             240    -6.94252E-03    -64.5557E-06    -139.605E-06
             241    -7.15121E-03     79.9811E-06    -175.626E-06
             242    -7.38090E-03     241.686E-06    -266.033E-06
             243    -9.16437E-03     923.607E-06    -1.09654E-03
             244    -7.56991E-03     387.104E-06     37.9790E-06
             245    -7.27928E-03     154.229E-06     532.123E-06
             246    -6.62639E-03    -148.672E-06     6.46762E-06
             247    -7.05063E-03     10.4082E-06     151.513E-06
             248    -6.63023E-03    -240.839E-06     36.6621E-06
             249    -6.95277E-03    -57.0978E-06     130.187E-06
             250    -6.63548E-03    -250.023E-06     27.3375E-06
             251    -6.73756E-03    -198.500E-06     22.7450E-06
             252    -6.69037E-03    -225.427E-06     47.0315E-06
             253    -6.65942E-03    -243.457E-06     30.1868E-06
             254    -6.63905E-03    -254.262E-06     17.3179E-06
             255    -6.74160E-03     113.593E-06    -42.1886E-06
             256    -6.76246E-03     151.652E-06    -28.2831E-06
             257    -6.77292E-03     171.141E-06    -7.85653E-06
             258    -6.66173E-03     34.2142E-06     104.760E-06
             259    -6.77277E-03     170.891E-06     11.1861E-06
             260    -6.73520E-03     163.983E-06    -70.1714E-06
             261    -6.76026E-03     148.158E-06     32.6043E-06
             262    -6.68626E-03     2.75869E-06     35.3279E-06
             263    -6.68793E-03    -226.798E-06    -49.0042E-06
             264    -6.72998E-03    -201.365E-06    -68.4723E-06
             265    -6.65580E-03    -245.248E-06    -30.3326E-06
             266    -6.61869E-03    -231.533E-06    -8.96249E-06
             267    -6.62799E-03    -242.894E-06    -29.5719E-06
             268    -6.63269E-03    -251.135E-06    -25.2202E-06
             269    -6.63687E-03    -255.946E-06    -17.1362E-06
             270    -7.38337E-03     242.717E-06    -278.991E-06
             271    -7.46933E-03     311.332E-06    -138.761E-06
             272    -7.25991E-03     136.574E-06     583.016E-06
             273    -7.61209E-03     376.193E-06    -535.147E-06
             274    -7.55405E-03     377.964E-06     10.4643E-06
             275    -7.52109E-03     320.874E-06     483.195E-06
             276    -6.66297E-03    -263.343E-06     2.67198E-03
             277    -7.15002E-03     78.7509E-06     172.344E-06
             278    -7.14511E-03     72.7636E-06     283.395E-06
             279    -6.73255E-03    -199.798E-06     62.7893E-06
             280    -6.69306E-03    -225.544E-06     14.7378E-06
             281    -6.62104E-03    -245.539E-06     10.2607E-06
             282    -6.68359E-03    -224.197E-06     74.5760E-06
             283    -6.62819E-03    -260.880E-06     5.50710E-06
             284    -6.63853E-03    -75.0170E-06    -43.2839E-06
             285    -6.63032E-03    -145.436E-06     3.19340E-06
             286    -6.85582E-03    -121.970E-06    -115.919E-06
             287    -7.73561E-03     135.852E-06    -2.83647E-03
             288    -6.62434E-03    -228.386E-06     34.7976E-06
             289    -6.68116E-03    -220.620E-06     106.980E-06
             290    -6.65847E-03    -243.541E-06     30.6462E-06
             291    -6.72535E-03    -200.723E-06     105.984E-06
             292    -6.66124E-03    -51.0385E-06    -28.2424E-06
             293    -5.99296E-03    -187.690E-06     861.319E-06
             294    -6.62701E-03    -243.140E-06    -30.7814E-06
             295    -6.63247E-03    -226.634E-06    -59.8446E-06
             296    -7.10530E-03    -133.761E-06    -2.43908E-03
             297    -6.62119E-03    -185.284E-06     19.4127E-06
             298    -7.04462E-03     4.73987E-06     155.763E-06
             299    -6.75481E-03    -176.809E-06     314.480E-06
             300    -6.64110E-03    -102.979E-06    -12.5268E-06
             301    -7.02976E-03    -10.1424E-06    -361.755E-06
             302    -8.74979E-03     778.781E-06    -1.72558E-03
             303    -7.60403E-03     393.909E-06    -249.623E-06
             304    -6.63887E-03    -257.990E-06    -6.33712E-06
             305    -6.63246E-03    -251.047E-06    -25.3954E-06
             306    -6.63825E-03    -254.871E-06     18.4259E-06
             307    -7.48305E-03     315.065E-06    -238.325E-06
             308    -6.65857E-03    -10.8326E-06    -83.1520E-06
             309    -7.36370E-03     232.913E-06     171.269E-06
             310    -6.05131E-03    -378.549E-06     1.54202E-03
             311    -6.94492E-03    -64.6562E-06     300.229E-06
             312    -5.88048E-03    -113.953E-06     94.1480E-06
             313    -6.76142E-03     150.048E-06     28.3557E-06
             314    -5.91930E-03    -185.736E-06    -993.954E-06
             315    -6.77474E-03    -171.409E-06    -150.098E-06
             316    -7.14004E-03     69.1169E-06    -285.522E-06
             317    -7.46949E-03     311.408E-06    -137.564E-06
             318    -9.06033E-03     886.047E-06     1.81287E-03
             319    -7.56250E-03     374.742E-06     160.910E-06
             320    -7.02454E-03    -205.916E-06     2.28858E-03
             321    -6.86368E-03    -116.421E-06     179.185E-06
             322    -6.79450E-03    -161.322E-06     86.3220E-06
             323    -6.68965E-03    -225.477E-06     46.9177E-06
             324    -6.78806E-03    -165.617E-06     84.9946E-06
             325    -6.94526E-03    -63.0292E-06     136.067E-06
             326    -7.36920E-03     232.700E-06     288.477E-06
             327    -5.23077E-03    -149.468E-06    -271.078E-06
             328    -6.66148E-03    -53.8708E-06     24.3530E-06
             329    -6.89778E-03    -98.3987E-06    -410.010E-06
             330    -6.62079E-03    -211.465E-06    -24.6021E-06
             331    -6.62000E-03    -211.042E-06    -27.6441E-06
             332    -6.62056E-03    -185.326E-06    -17.7740E-06
             333    -6.62759E-03    -149.469E-06    -4.59095E-06
             334    -7.37847E-03     230.479E-06     426.519E-06
             335    -7.57171E-03     387.118E-06     38.7314E-06
             336    -8.65941E-03     582.915E-06     2.39316E-03
             337    -7.57331E-03     389.291E-06    -29.0920E-06
             338    -7.56802E-03     378.677E-06    -163.758E-06
             339    -6.63233E-03    -49.7364E-06     75.8163E-06
             340    -6.71234E-03     56.6973E-06     42.2579E-06
             341    -6.12343E-03    -457.545E-06    -1.98374E-03
             342    -6.77336E-03     171.610E-06    -9.19597E-06
             343    -6.69766E-03     126.802E-06     118.826E-06
             344    -7.37358E-03     240.567E-06    -165.260E-06
             345    -7.13047E-03     58.7834E-06    -395.183E-06
             346    -7.53321E-03     358.881E-06     94.0442E-06
             347    -7.60807E-03     408.763E-06    -48.7276E-06
             348    -6.79139E-03    -162.131E-06     142.548E-06
             349    -6.62165E-03    -162.971E-06     43.9731E-06
             350    -6.78407E-03    -165.128E-06     200.248E-06
             351    -6.75635E-03     158.681E-06    -43.4602E-06
             352    -6.76162E-03     150.527E-06    -30.4599E-06
             353    -5.53197E-03    -119.491E-06     30.7313E-06
             354    -6.65091E-03     62.4008E-06     141.691E-06
             355    -6.68175E-03     46.4722E-06     102.019E-06
             356    -6.70199E-03     55.2103E-06     69.2622E-06
             357    -6.63405E-03    -113.876E-06     13.3229E-06
             358    -7.17838E-03     40.9609E-06    -1.02266E-03
             359    -6.62531E-03    -211.048E-06    -49.4635E-06
             360    -6.64984E-03    -219.927E-06    -95.4134E-06
             361    -6.67822E-03    -226.996E-06    -77.8885E-06
             362    -6.62554E-03    -211.897E-06    -51.7059E-06
             363    -6.91923E-03    -82.7325E-06    -318.466E-06
             364    -7.59759E-03     390.598E-06    -248.103E-06
             365    -7.49381E-03     316.601E-06    -333.037E-06
             366    -7.48294E-03     315.337E-06     239.379E-06
             367    -7.04855E-03     6.57997E-06     250.647E-06
             368    -6.73142E-03    -198.101E-06     108.435E-06
             369    -6.68639E-03    -223.535E-06     76.5688E-06
             370    -6.65477E-03    -239.929E-06     49.9152E-06
             371    -5.60445E-03    -87.9542E-06    -118.260E-06
             372    -6.76436E-03     177.182E-06     23.3931E-06
             373    -6.74967E-03     148.801E-06     54.0438E-06
             374    -6.73818E-03     107.878E-06     41.6728E-06
             375    -5.41279E-03    -271.353E-06    -1.10246E-03
             376    -6.67548E-03    -5.62575E-06     55.9322E-06
             377    -7.01847E-03    -17.7466E-06    -360.202E-06
             378    -6.63366E-03    -226.767E-06    -57.0440E-06
             379    -6.64148E-03    -236.773E-06    -55.9391E-06
             380    -6.63646E-03    -209.230E-06    -83.5659E-06
             381    -6.64992E-03    -242.256E-06    -46.4010E-06
             382    -7.61083E-03     409.090E-06    -42.8418E-06
             383    -7.46191E-03     305.553E-06     144.370E-06
             384    -7.59411E-03     385.533E-06     265.647E-06
             385    -6.84890E-03    -125.931E-06     178.319E-06
             386    -6.85916E-03    -120.286E-06     108.875E-06
             387    -6.78064E-03    -167.890E-06     137.724E-06
             388    -6.71506E-03    -201.280E-06     142.619E-06
             389    -6.64458E-03    -236.005E-06     63.6568E-06
             390    -6.63347E-03    -251.007E-06     27.7105E-06
             391    -7.54992E-03     40.7885E-06     2.87673E-03
             392    -8.73180E-03     594.553E-06    -2.53250E-03
             393    -5.99508E-03    -354.248E-06    -1.69749E-03
             394    -6.59487E-03    -240.819E-06    -2.75211E-03
             395    -9.14090E-03     982.901E-06     1.17709E-03
             396    -5.31392E-03    -277.876E-06     1.10437E-03
             397    -7.27079E-03     162.718E-06     281.664E-06
             398    -5.80924E-03    -414.052E-06    -1.40055E-03
             399    -7.37629E-03     238.526E-06     275.242E-06
             400    -5.60140E-03     45.1730E-06    -127.050E-06
             401    -6.75254E-03     156.935E-06    -46.4598E-06
             402    -7.27283E-03     162.703E-06    -293.441E-06
             403    -8.37592E-03     497.023E-06    -2.57371E-03
             404    -7.67169E-03     440.579E-06     108.475E-06
             405    -9.09843E-03     968.416E-06     15.1107E-06
             406    -6.70113E-03     196.938E-06    -66.1509E-06
             407    -6.76414E-03     177.256E-06    -15.6731E-06
             408    -5.51656E-03    -865.832E-09     100.361E-06
             409    -6.76360E-03     174.329E-06    -14.6385E-06
             410    -6.71253E-03     108.492E-06     96.4409E-06
             411    -7.27460E-03     157.799E-06    -415.410E-06
             412    -6.63676E-03    -69.6189E-06    -52.8985E-06
             413    -7.25573E-03     149.991E-06     299.417E-06
             414    -7.12671E-03     38.2553E-06    -668.069E-06
             415    -6.72720E-03     103.496E-06     67.2971E-06
             416    -7.39347E-03     243.506E-06    -381.466E-06
             417    -7.26599E-03     158.530E-06    -295.805E-06
             418    -7.52621E-03     329.498E-06     442.816E-06
             419    -7.60575E-03     405.850E-06     62.5261E-06
             420    -6.62390E-03    -229.724E-06     34.4567E-06
             421    -6.73139E-03    -200.637E-06    -68.4868E-06
             422    -6.66386E-03    -226.259E-06    -91.5742E-06
             423    -6.65609E-03    -245.076E-06    -31.6144E-06
             424    -6.64187E-03    -236.082E-06    -56.5939E-06
             425    -6.67529E-03    -221.348E-06     103.009E-06
             426    -6.65351E-03    -240.427E-06     50.7336E-06
             427    -6.64936E-03    -242.071E-06    -46.9174E-06
             428    -7.57027E-03     379.895E-06    -160.447E-06
             429    -7.66494E-03     437.702E-06    -117.630E-06
             430    -7.34721E-03     180.678E-06     751.530E-06
             431    -6.75436E-03     155.607E-06     46.8873E-06
             432    -7.56325E-03     373.897E-06     168.822E-06
             433    -7.60245E-03     403.993E-06     62.0127E-06
             434    -7.56119E-03     357.920E-06    -370.525E-06
             435    -7.03836E-03    -1.13183E-06     262.024E-06
             436    -6.74820E-03     188.954E-06    -20.0256E-06
             437    -6.63673E-03    -75.2767E-06     45.2536E-06
             438    -7.27819E-03     162.201E-06     404.128E-06
             439    -7.50039E-03     320.519E-06    -358.872E-06
             440    -6.70328E-03     57.6544E-06    -65.6999E-06
             441    -6.76523E-03     176.522E-06     12.5133E-06
             442    -6.64613E-03     118.349E-06     162.133E-06
             443    -6.67934E-03     3.00794E-06    -61.8421E-06
             444    -6.62302E-03    -47.0443E-06    -79.0906E-06
             445    -7.19454E-03     90.6479E-06    -590.597E-06
             446    -7.03107E-03    -6.09311E-06    -259.854E-06
             447    -7.13064E-03     52.1802E-06    -515.936E-06
             448    -6.71067E-03     111.816E-06    -105.789E-06
             449    -6.58924E-03    -241.102E-06     385.427E-06
             450    -6.65257E-03    -56.9116E-06    -43.4977E-06
             451    -6.68492E-03     55.1662E-06    -103.155E-06
             452    -6.93148E-03    -72.8138E-06    -228.700E-06
             453    -7.40321E-03     238.706E-06    -551.879E-06
             454    -6.63152E-03    -28.4473E-06    -96.2742E-06
             455    -7.02469E-03    -18.6204E-06    -469.720E-06
             456    -7.15617E-03     79.9155E-06    -290.293E-06
             457    -7.14718E-03     68.6050E-06    -403.350E-06
             458    -6.68293E-03     45.4559E-06    -101.991E-06
             459    -6.65224E-03    -57.2488E-06    -44.0756E-06
             460    -6.70017E-03    -202.094E-06     184.514E-06
             461    -6.62351E-03    -181.790E-06     30.9350E-06
             462    -6.67299E-03    -212.531E-06    -151.582E-06
             463    -6.62427E-03    -155.346E-06    -13.9639E-06
             464    -6.84648E-03    -127.171E-06    -194.430E-06
             465    -6.93573E-03    -70.3625E-06     221.965E-06
             466    -6.62377E-03    -120.786E-06    -9.70010E-06
             467    -6.95014E-03    -59.6880E-06     216.838E-06
             468    -6.62564E-03    -179.500E-06     44.8217E-06
             469    -6.62603E-03    -153.284E-06    -13.6141E-06
             470    -6.61329E-03    -107.135E-06    -20.3401E-06
             471    -6.63487E-03    -112.188E-06     14.2535E-06
             472    -6.82863E-03    -138.637E-06    -266.517E-06
             473    -6.93762E-03    -69.0584E-06    -229.510E-06
             474    -7.13873E-03     58.1771E-06    -488.230E-06
             475    -6.61953E-03    -160.841E-06     31.9959E-06
             476    -6.71136E-03     100.307E-06     92.2681E-06
             477    -7.49820E-03     318.783E-06     354.183E-06
             478    -6.62489E-03    -155.026E-06     21.1153E-06
             479    -6.63762E-03    -76.5900E-06     44.5328E-06
             480    -6.61177E-03    -132.337E-06     3.93792E-06
             481    -6.62393E-03    -187.708E-06     42.0987E-06
             482    -7.10624E-03    -79.9524E-06     1.71075E-03
             483    -6.84401E-03    -129.297E-06    -192.805E-06
             484    -6.63465E-03    -208.907E-06    -86.4980E-06
             485    -7.03862E-03    -1.84266E-06    -265.209E-06
             486    -7.15812E-03     82.9838E-06     278.860E-06
             487    -7.15623E-03     76.8264E-06     390.781E-06
             488    -6.64902E-03    -65.3047E-06     39.8811E-06
             489    -6.65356E-03    -23.1559E-06     78.0892E-06
             490    -7.24710E-03     139.511E-06     421.193E-06
             491    -7.14052E-03     64.6457E-06     400.838E-06
             492    -6.65349E-03    -59.9771E-06     37.3203E-06
             493    -6.61920E-03    -92.0064E-06     40.5312E-06
             494    -6.62451E-03    -205.345E-06     41.6997E-06
             495    -6.62765E-03    -117.828E-06    -12.4940E-06
             496    -6.71760E-03    -198.404E-06     193.303E-06
             497    -6.77151E-03    -173.404E-06    -148.828E-06
             498    -6.63223E-03    -221.043E-06     58.2434E-06
             499    -6.72682E-03    -197.651E-06     149.346E-06
             500    -6.64869E-03    -221.680E-06    -94.0096E-06
             501    -6.77004E-03    -171.480E-06     196.565E-06
             502    -6.62868E-03    -211.349E-06     59.0550E-06
             503    -6.62294E-03    -189.058E-06    -58.3219E-06
             504    -6.71980E-03    -204.364E-06    -111.565E-06
             505    -7.50218E-03     305.885E-06    -524.256E-06
             506    -6.75278E-03    -181.679E-06    -203.996E-06
             507    -6.81225E-03    -149.264E-06    -335.847E-06
             508    -6.68522E-03     42.9812E-06     86.1109E-06
             509    -6.76023E-03    -189.415E-06    -648.203E-06
             510    -6.73568E-03     147.723E-06     74.5009E-06
             511    -6.69583E-03     99.8656E-06     118.622E-06
             512    -7.50074E-03     320.313E-06     353.859E-06
             513    -6.60816E-03    -181.067E-06     100.143E-06
             514    -6.61660E-03    -89.4603E-06    -43.9519E-06
             515    -6.59040E-03    -5.46557E-06     134.359E-06
             516    -7.38771E-03     240.065E-06     380.740E-06
             517    -6.57565E-03    -72.3793E-06    -60.8206E-06
             518    -6.65359E-03    -13.8662E-06    -80.3574E-06
             519    -7.61433E-03     400.297E-06     246.584E-06
             520    -7.46930E-03     270.935E-06     669.248E-06
             521    -7.00505E-03    -39.0167E-06    -612.624E-06
             522    -7.19624E-03     87.1533E-06    -662.695E-06
             523    -6.93099E-03    -74.8528E-06    -317.100E-06
             524    -6.59602E-03    -57.1315E-06    -89.2932E-06
             525    -6.64306E-03     54.9005E-06    -144.342E-06
             526    -6.62336E-03    -192.142E-06     74.2517E-06
             527    -6.58660E-03    -179.529E-06     111.090E-06
             528    -6.75291E-03     183.252E-06     15.0204E-06
             529    -6.64547E-03     13.6262E-06     115.355E-06
             530    -7.58772E-03     344.374E-06     704.366E-06
             531    -6.70319E-03     157.657E-06    -111.783E-06
             532    -6.64203E-03     113.179E-06    -156.722E-06
             533    -6.75310E-03     182.254E-06    -19.8794E-06
             534    -7.47123E-03     276.609E-06     616.286E-06
             535    -7.66920E-03     441.784E-06    -92.1318E-06
             536    -7.66995E-03     441.872E-06     93.7353E-06
             537    -7.24556E-03     129.424E-06    -549.423E-06
             538    -6.75064E-03     183.344E-06     38.6053E-06
             539    -7.49612E-03     280.491E-06    -751.261E-06
             540    -7.25814E-03     147.540E-06    -407.918E-06
             541    -7.25276E-03     138.132E-06    -484.504E-06
             542    -7.32059E-03     165.563E-06     749.566E-06
             543    -6.66046E-03     72.2584E-06    -132.096E-06
             544    -6.73999E-03     164.094E-06    -64.7101E-06
             545    -7.73519E-03     465.816E-06     272.403E-06
             546    -6.73028E-03     205.365E-06    -8.33891E-06
             547    -6.68655E-03     147.756E-06     120.760E-06
             548    -6.70427E-03     137.536E-06    -102.284E-06
             549    -6.83898E-03    -132.050E-06    -271.872E-06
             550    -6.63223E-03    -208.153E-06     71.9334E-06
             551    -6.62437E-03    -125.672E-06     6.78605E-06
             552    -6.77616E-03    -168.345E-06     256.507E-06
             553    -6.64118E-03    -210.289E-06    -127.611E-06
             554    -6.61952E-03    -162.708E-06    -23.1895E-06
             555    -6.64218E-03    -207.814E-06    -130.992E-06
             556    -6.62250E-03    -158.910E-06    -28.7865E-06
             557    -6.84187E-03    -128.915E-06     240.346E-06
             558    -6.91762E-03    -83.1269E-06     297.635E-06
             559    -6.76256E-03    -173.374E-06     250.895E-06
             560    -6.66486E-03    -213.809E-06     161.743E-06
             561    -6.85977E-03    -118.908E-06     252.674E-06
             562    -6.62307E-03    -192.676E-06    -65.8844E-06
             563    -7.04345E-03     419.768E-09     350.608E-06
             564    -6.61770E-03    -135.956E-06     14.4111E-06
             565    -6.86867E-03    -119.384E-06    -505.039E-06
             566    -7.14219E-03     61.1334E-06     508.207E-06
             567    -6.62747E-03    -120.207E-06     4.62328E-06
             568    -6.64949E-03    -205.986E-06    -180.119E-06
             569    -7.02411E-03    -14.5950E-06     372.499E-06
             570    -7.10932E-03     35.7723E-06     543.918E-06
             571    -6.75750E-03    -177.869E-06     315.598E-06
             572    -6.62131E-03    -93.1216E-06     41.3584E-06
             573    -6.61548E-03    -135.264E-06    -4.24089E-06
             574    -6.98401E-03    -44.2909E-06     456.749E-06
             575    -6.61089E-03    -69.0825E-06     60.5566E-06
             576    -6.72139E-03    -202.517E-06    -113.518E-06
             577    -6.63552E-03    -225.648E-06     66.5183E-06
             578    -6.64450E-03    -225.182E-06     85.3664E-06
             579    -6.64285E-03    -214.371E-06     104.966E-06
             580    -6.64188E-03    -208.940E-06     109.871E-06
             581    -6.75610E-03    -178.080E-06    -211.453E-06
             582    -6.62813E-03    -197.729E-06     75.9630E-06
             583    -7.39283E-03     233.197E-06     537.415E-06
             584    -6.55709E-03    -219.484E-06     249.441E-06
             585    -7.02532E-03    -32.9977E-06    -724.766E-06
             586    -7.00980E-03    -27.4252E-06    -475.600E-06
             587    -6.59088E-03    -179.120E-06     88.3288E-06
             588    -6.55888E-03    -125.708E-06    -12.7119E-06
             589    -6.92101E-03    -92.5380E-06    -622.254E-06
             590    -7.62270E-03     396.047E-06     390.454E-06
             591    -6.62587E-03    -180.714E-06     68.8697E-06
             592    -7.03725E-03    -7.01406E-06     434.805E-06
             593    -7.41880E-03     236.093E-06    -690.534E-06
             594    -6.72771E-03     161.250E-06     76.8018E-06
             595    -6.56098E-03    -121.274E-06    -19.7181E-06
             596    -6.61267E-03    -171.437E-06     59.0272E-06
             597    -7.28253E-03     122.292E-06    -916.640E-06
             598    -6.99885E-03    -43.4516E-06    -604.939E-06
             599    -6.62966E-03    -193.644E-06    -96.7508E-06
             600    -6.73192E-03     181.516E-06     64.4601E-06
             601    -6.69160E-03     127.816E-06     120.929E-06
             602    -7.63788E-03     405.411E-06     354.125E-06
             603    -7.22556E-03     94.8974E-06     843.282E-06
             604    -6.59221E-03    -28.4352E-06     106.582E-06
             605    -6.60695E-03    -17.0629E-06    -112.832E-06
             606    -7.22944E-03     110.518E-06     660.662E-06
             607    -6.92942E-03    -77.5992E-06    -412.558E-06
             608    -6.84803E-03    -127.759E-06     329.440E-06
             609    -7.37196E-03     201.573E-06    -733.877E-06
             610    -6.70654E-03     183.167E-06     72.1878E-06
             611    -6.59483E-03    -53.4119E-06     99.6107E-06
             612    -7.25004E-03     114.685E-06    -766.580E-06
             613    -7.31830E-03     171.334E-06    -650.738E-06
             614    -7.74364E-03     478.739E-06     15.4556E-06
             615    -7.60156E-03     370.792E-06     512.347E-06
             616    -7.16898E-03     54.2752E-06     810.768E-06
             617    -6.70194E-03    -206.503E-06    -150.323E-06
             618    -6.61431E-03    -165.326E-06    -47.7103E-06
             619    -6.57303E-03     43.0580E-06    -171.307E-06
             620    -6.68385E-03     97.9056E-06    -128.595E-06
             621    -8.54569E-03     845.675E-06    -127.300E-06
             622    -7.64242E-03     411.680E-06    -345.513E-06
             623    -6.90735E-03    -89.3175E-06     357.487E-06
             624    -6.57884E-03     15.1806E-06     137.961E-06
             625    -7.56600E-03     281.476E-06     1.09972E-03
             626    -7.44673E-03     231.541E-06     934.682E-06
             627    -7.69494E-03     439.006E-06    -354.615E-06
             628    -7.71818E-03     461.332E-06    -196.092E-06
             629    -7.98061E-03     579.950E-06    -551.608E-06
             630    -6.70256E-03     207.162E-06     49.5481E-06
             631    -6.57812E-03     121.378E-06     190.382E-06
             632    -6.65167E-03     158.968E-06    -140.674E-06
             633    -6.58156E-03     43.4417E-06     160.874E-06
             634    -7.80038E-03     510.748E-06     2.38688E-06
             635    -7.69362E-03     405.835E-06    -724.222E-06
             636    -5.96330E-03     125.026E-06    -80.3839E-06
             637    -6.70757E-03     186.265E-06     83.3422E-06
             638    -7.68089E-03     416.007E-06     505.775E-06
             639    -6.60024E-03    -167.109E-06    -70.3265E-06
             640    -6.61380E-03    -178.309E-06    -63.9389E-06
             641    -7.62231E-03     374.926E-06    -587.934E-06
             642    -7.77506E-03     489.073E-06     291.267E-06
             643    -6.72593E-03     184.752E-06    -41.4362E-06
             644    -6.61750E-03     79.9438E-06    -157.388E-06
             645    -6.65123E-03     51.3856E-06     125.899E-06
             646    -6.71744E-03     147.409E-06     88.3091E-06
             647    -6.69280E-03     172.232E-06    -84.5419E-06
             648    -6.94398E-03    -67.1739E-06     396.139E-06
             649    -6.65389E-03    -209.790E-06    -179.654E-06
             650    -6.62387E-03    -192.633E-06    -93.9211E-06
             651    -6.83384E-03    -134.775E-06     312.262E-06
             652    -6.67374E-03    -209.704E-06    -157.360E-06
             653    -6.59202E-03    -133.311E-06     14.1667E-06
             654    -6.59713E-03    -94.4708E-06     45.7596E-06
             655    -6.60933E-03    -125.494E-06     3.70828E-06
             656    -7.05556E-03    -7.75318E-06     656.945E-06
             657    -6.93681E-03    -78.6044E-06     547.742E-06
             658    -7.07984E-03     14.3734E-06    -567.999E-06
             659    -6.83587E-03    -135.960E-06     412.634E-06
             660    -6.59370E-03    -150.515E-06     36.2385E-06
             661    -6.55102E-03    -106.531E-06     25.9695E-06
             662    -6.65995E-03    -218.056E-06     118.645E-06
             663    -6.70713E-03    -200.600E-06     232.699E-06
             664    -6.91854E-03    -86.6129E-06     457.706E-06
             665    -6.60755E-03    -175.773E-06    -83.6543E-06
             666    -6.69345E-03    -197.425E-06    -285.650E-06
             667    -6.69895E-03    -208.834E-06    -144.979E-06
             668    -6.62414E-03    -193.345E-06     106.342E-06
             669    -6.83027E-03    -137.137E-06    -350.173E-06
             670    -6.61627E-03    -195.427E-06     109.162E-06
             671    -6.65387E-03    -211.085E-06     169.880E-06
             672    -6.73670E-03    -186.464E-06    -254.218E-06
             673    -6.67647E-03    -216.951E-06     135.053E-06
             674    -7.05204E-03    -35.8476E-06    -940.990E-06
             675    -7.28704E-03     115.495E-06     1.03855E-03
             676    -6.38955E-03    -166.034E-06    -10.5088E-06
             677    -6.48805E-03    -189.822E-06     95.3256E-06
             678    -6.52850E-03    -90.3329E-06     72.3475E-06
             679    -6.88772E-03    -119.861E-06    -713.381E-06
             680    -6.54959E-03    -173.096E-06     74.2272E-06
             681    -7.46721E-03     231.648E-06    -1.02103E-03
             682    -7.05541E-03    -630.345E-09     546.832E-06
             683    -6.53388E-03    -100.938E-06    -50.6025E-06
             684    -6.58704E-03    -13.5346E-06    -134.446E-06
             685    -6.64385E-03    -239.925E-06    -573.528E-06
             686    -6.62601E-03    -199.235E-06    -140.978E-06
             687    -7.32611E-03     117.872E-06    -1.20686E-03
             688    -6.92010E-03    -86.7836E-06    -505.862E-06
             689    -6.56994E-03    -143.818E-06    -10.8028E-06
             690    -7.44502E-03     228.450E-06     917.555E-06
             691    -6.70715E-03    -205.150E-06     427.134E-06
             692    -6.67595E-03     146.647E-06     121.698E-06
             693    -6.54850E-03     57.4625E-06     139.147E-06
             694    -6.51093E-03    -142.162E-06     37.9701E-06
             695    -6.58459E-03     14.7014E-06    -133.380E-06
             696    -6.47197E-03     22.6357E-06     153.774E-06
             697    -7.48193E-03     242.641E-06    -1.01633E-03
             698    -7.56550E-03     325.482E-06    -747.832E-06
             699    -6.62163E-03    -204.866E-06    -192.705E-06
             700    -6.62315E-03    -198.022E-06    -135.936E-06
             701    -6.66345E-03    -209.680E-06     325.290E-06
             702    -6.82632E-03    -138.979E-06     394.082E-06
             703    -7.36431E-03     188.432E-06    -818.439E-06
             704    -6.59792E-03    -210.262E-06    -189.670E-06
             705    -6.35125E-03     46.5034E-06    -128.518E-06
             706    -7.83190E-03     521.995E-06    -215.292E-06
             707    -7.71970E-03     432.762E-06     585.326E-06
             708    -7.90548E-03     484.775E-06     1.10656E-03
             709    -7.43778E-03     179.516E-06     1.26380E-03
             710    -7.97772E-03     539.665E-06    -983.636E-06
             711    -7.77505E-03     480.560E-06    -432.101E-06
             712    -6.64103E-03     173.661E-06    -148.744E-06
             713    -7.99004E-03     602.973E-06     68.5973E-06
             714    -7.89178E-03     551.966E-06    -241.529E-06
             715    -6.56195E-03     240.668E-06    -65.8043E-06
             716    -6.67413E-03     227.813E-06    -31.9797E-06
             717    -7.76373E-03     447.493E-06    -730.188E-06
             718    -7.85109E-03     532.989E-06     217.417E-06
             719    -6.93559E-03    -79.1490E-06     503.160E-06
             720    -7.94484E-03     579.388E-06     99.6080E-06
             721    -6.64510E-03     232.224E-06     67.9729E-06
             722    -6.55391E-03    -127.477E-06     15.6805E-06
             723    -6.52076E-03     9.86772E-06    -149.577E-06
             724    -6.57211E-03     169.614E-06     124.528E-06
             725    -6.58060E-03     176.396E-06    -131.139E-06
             726    -6.64729E-03     186.782E-06     100.659E-06
             727    -6.64214E-03     143.525E-06     130.210E-06
             728    -6.69894E-03     191.432E-06     61.4550E-06
             729    -7.89062E-03     530.913E-06    -521.666E-06
             730    -6.67914E-03     200.995E-06    -74.0028E-06
             731    -6.64030E-03    -203.491E-06    -215.719E-06
             732    -6.50366E-03    -77.7056E-06     68.5868E-06
             733    -6.72959E-03    -191.877E-06     371.613E-06
             734    -6.66291E-03    -201.820E-06    -239.735E-06
             735    -6.74165E-03    -181.928E-06     392.255E-06
             736    -6.63878E-03    -202.720E-06     152.909E-06
             737    -6.57792E-03    -144.672E-06    -21.3724E-06
             738    -7.10874E-03     20.6038E-06    -760.927E-06
             739    -7.37298E-03     155.212E-06     1.20298E-03
             740    -6.81885E-03    -152.354E-06     505.287E-06
             741    -6.96065E-03    -75.1637E-06     701.911E-06
             742    -6.77003E-03    -170.690E-06    -395.714E-06
             743    -6.69273E-03    -200.829E-06    -222.495E-06
             744    -6.65019E-03    -207.138E-06     164.234E-06
             745    -6.69144E-03    -201.053E-06     226.738E-06
             746    -6.69316E-03    -202.227E-06    -209.895E-06
             747    -6.67843E-03    -203.469E-06     284.294E-06
             748    -6.63621E-03    -207.545E-06     119.339E-06
             749    -6.62504E-03    -196.982E-06     151.399E-06
             750    -6.82622E-03    -140.596E-06    -425.654E-06
             751    -6.61063E-03    -164.921E-06     54.5305E-06
             752    -6.93449E-03    -95.3469E-06    -765.708E-06
             753    -6.73879E-03    -213.519E-06    -728.065E-06
             754    -6.59210E-03    -116.518E-06    -20.5208E-06
             755    -7.62843E-03     287.117E-06     1.38682E-03
             756    -6.52118E-03    -191.761E-06     121.338E-06
             757    -6.57917E-03    -103.703E-06    -36.1638E-06
             758    -6.55941E-03    -202.431E-06    -167.539E-06
             759    -6.62735E-03     90.7247E-06     144.249E-06
             760    -6.40708E-03    -293.399E-06    -348.151E-06
             761    -7.11010E-03    -30.8187E-06    -1.27988E-03
             762    -6.65547E-03    -338.866E-06     1.82420E-03
             763    -7.00747E-03    -53.3729E-06     858.846E-06
             764    -6.99006E-03    -88.2629E-06     1.03702E-03
             765    -6.44674E-03    -162.594E-06     25.2837E-06
             766    -6.53243E-03    -79.2180E-06    -80.7940E-06
             767    -6.67663E-03    -218.661E-06     493.894E-06
             768    -6.82442E-03    -145.395E-06     489.693E-06
             769    -6.61452E-03    -202.544E-06     175.501E-06
             770    -6.92194E-03    -92.5236E-06     606.514E-06
             771    -6.41388E-03    -153.577E-06    -14.4815E-06
             772    -7.58848E-03     333.838E-06     810.696E-06
             773    -7.31880E-03     134.179E-06     982.213E-06
             774    -7.57492E-03     255.836E-06    -1.39537E-03
             775    -6.48123E-03    -71.4629E-06    -90.2728E-06
             776    -6.50032E-03    -199.079E-06    -104.360E-06
             777    -7.61467E-03     292.322E-06    -1.26182E-03
             778    -6.47300E-03    -253.080E-06    -328.096E-06
             779    -7.85425E-03     501.791E-06     678.646E-06
             780    -7.15493E-03     5.67366E-06     1.16231E-03
             781    -7.82405E-03     499.124E-06     518.930E-06
             782    -7.61295E-03     323.954E-06     1.02752E-03
             783    -7.06343E-03    -6.67319E-06     707.012E-06
             784    -7.03003E-03    -41.4959E-06     881.847E-06
             785    -6.48967E-03    -54.2113E-06    -62.4621E-06
             786    -6.60207E-03     133.888E-06     140.419E-06
             787    -6.47885E-03    -185.929E-06    -91.9545E-06
             788    -7.09069E-03    -27.3027E-06     1.07759E-03
             789    -7.70941E-03     381.391E-06    -1.02060E-03
             790    -7.49376E-03     265.906E-06    -855.008E-06
             791    -7.88404E-03     441.508E-06    -1.25772E-03
             792    -7.39290E-03     157.578E-06    -1.20689E-03
             793    -8.60404E-03     817.909E-06    -845.960E-06
             794    -7.77905E-03     391.694E-06     1.19320E-03
             795    -6.65264E-03     226.173E-06     23.7845E-06
             796    -6.37139E-03    -83.4724E-06     58.9411E-06
             797    -6.51879E-03     175.346E-06    -185.577E-06
             798    -7.30575E-03     131.366E-06    -966.186E-06
             799    -6.61724E-03     212.051E-06    -78.5961E-06
             800    -6.47890E-03     219.961E-06    -52.3830E-06
             801    -7.73573E-03     417.991E-06     805.233E-06
             802    -6.50160E-03     93.8386E-06    -178.099E-06
             803    -6.57174E-03     108.630E-06    -142.686E-06
             804    -8.15240E-03     679.862E-06    -219.696E-06
             805    -6.58649E-03    -241.647E-06    -356.749E-06
             806    -7.93009E-03     520.902E-06    -891.685E-06
             807    -6.17710E-03     188.147E-06     1.88931E-06
             808    -8.00572E-03     598.009E-06     427.409E-06
             809    -6.45107E-03     193.407E-06    -90.0425E-06
             810    -6.54156E-03     227.709E-06     120.221E-06
             811    -6.63461E-03    -218.879E-06    -346.258E-06
             812    -6.68297E-03    -205.541E-06    -363.362E-06
             813    -6.74215E-03    -183.717E-06    -424.991E-06
             814    -6.90487E-03    -135.222E-06     1.02508E-03
             815    -6.87212E-03    -141.826E-06     829.777E-06
             816    -6.78686E-03    -173.485E-06     583.188E-06
             817    -6.67505E-03    -235.912E-06     672.253E-06
             818    -6.53744E-03    -189.563E-06    -129.659E-06
             819    -6.61139E-03    -223.134E-06    -326.866E-06
             820    -6.75706E-03    -186.455E-06     570.532E-06
             821    -6.70509E-03    -196.144E-06    -338.220E-06
             822    -6.67662E-03    -204.055E-06    -243.085E-06
             823    -6.67930E-03    -207.255E-06     259.560E-06
             824    -6.65277E-03    -204.421E-06     213.988E-06
             825    -6.74597E-03    -181.984E-06    -367.787E-06
             826    -6.74749E-03    -180.268E-06    -274.013E-06
             827    -6.62625E-03    -207.555E-06     229.509E-06
             828    -6.80716E-03    -157.143E-06    -536.792E-06
             829    -6.81998E-03    -155.242E-06    -581.454E-06
             830    -6.64440E-03    -212.209E-06     235.714E-06
             831    -6.60444E-03    -276.923E-06    -682.838E-06
             832    -6.94667E-03    -144.324E-06     1.30704E-03
             833    -6.31904E-03    -65.1564E-06     114.573E-06
             834    -6.43427E-03    -183.015E-06     84.3756E-06
             835    -6.55284E-03    -182.468E-06     105.850E-06
             836    -6.50579E-03    -36.5688E-06     122.511E-06
             837    -6.60864E-03    -318.931E-06    -1.14704E-03
             838    -6.43000E-03    -247.484E-06     233.792E-06
             839    -7.01853E-03    -47.2056E-06    -850.950E-06
             840    -6.57384E-03    -196.521E-06     157.812E-06
             841    -6.89312E-03    -120.756E-06     720.449E-06
             842    -6.47182E-03    -153.490E-06    -65.5963E-06
             843    -6.07642E-03    -323.119E-06    -660.040E-06
             844    -6.30020E-03    -396.860E-06    -891.910E-06
             845    -8.23154E-03     481.632E-06    -2.12508E-03
             846    -7.18700E-03     39.3402E-06    -1.09678E-03
             847    -7.19457E-03     17.0601E-06     1.36948E-03
             848    -6.72072E-03    -319.540E-06     1.63657E-03
             849    -6.37643E-03    -266.939E-06    -325.433E-06
             850    -7.69685E-03     381.218E-06     934.618E-06
             851    -7.18483E-03     9.27402E-06     1.44046E-03
             852    -6.30744E-03    -194.866E-06     183.976E-06
             853    -6.45795E-03    -22.9440E-06     47.8542E-06
             854    -7.71393E-03     294.105E-06    -1.75926E-03
             855    -6.45486E-03     126.638E-06     202.784E-06
             856    -7.69215E-03     368.901E-06    -987.513E-06
             857    -6.23414E-03    -110.971E-06     61.9461E-06
             858    -7.04476E-03    -64.9747E-06    -1.16622E-03
             859    -8.02169E-03     605.518E-06     444.960E-06
             860    -7.71861E-03     279.878E-06     1.76290E-03
             861    -7.92067E-03     446.596E-06    -1.38261E-03
             862    -6.36276E-03    -52.4718E-06    -119.232E-06
             863    -6.36379E-03     224.615E-06    -97.6766E-06
             864    -8.19502E-03     610.771E-06     1.21683E-03
             865    -8.18778E-03     665.886E-06    -654.543E-06
             866    -6.54371E-03     99.5607E-06    -178.122E-06
             867    -6.43980E-03    -14.1942E-06    -144.183E-06
             868    -8.10419E-03     567.162E-06     1.42130E-03
             869    -6.30284E-03    -166.796E-06    -161.217E-06
             870    -7.95734E-03     541.881E-06     877.416E-06
             871    -6.81871E-03    -170.169E-06     838.918E-06
             872    -6.44343E-03     195.222E-06     79.8585E-06
             873    -8.03577E-03     585.313E-06     778.536E-06
             874    -8.22045E-03     705.603E-06     158.629E-06
             875    -6.59635E-03     226.006E-06    -34.9375E-06
             876    -6.14579E-03    -146.173E-06    -162.984E-06
             877    -8.31041E-03     719.051E-06    -683.192E-06
             878    -6.54778E-03    -246.092E-06    -345.475E-06
             879    -6.57131E-03     182.652E-06     149.170E-06
             880    -6.56779E-03     254.252E-06     97.7332E-06
             881    -6.75915E-03    -192.739E-06     701.320E-06
             882    -6.84463E-03    -138.186E-06     625.553E-06
             883    -8.09508E-03     653.428E-06    -220.014E-06
             884    -8.21255E-03     631.517E-06    -1.16452E-03
             885    -6.69833E-03    -212.954E-06    -491.052E-06
             886    -6.49255E-03     153.569E-06    -100.242E-06
             887    -6.57425E-03     263.917E-06    -13.5293E-06
             888    -6.71969E-03    -207.981E-06     584.657E-06
             889    -6.67735E-03    -218.428E-06    -476.240E-06
             890    -6.73039E-03    -189.261E-06    -447.710E-06
             891    -6.66552E-03    -213.602E-06    -333.412E-06
             892    -6.66596E-03    -232.443E-06     578.728E-06
             893    -6.63111E-03    -225.383E-06     373.638E-06
             894    -6.75613E-03    -188.107E-06    -580.124E-06
             895    -6.64698E-03    -206.213E-06    -277.947E-06
             896    -6.65280E-03    -218.804E-06     349.213E-06
             897    -6.70809E-03    -195.429E-06    -452.271E-06
             898    -6.83201E-03    -163.525E-06    -789.345E-06
             899    -6.59571E-03    -223.418E-06     247.400E-06
             900    -6.33324E-03    -294.029E-06     458.226E-06
             901    -6.22619E-03    -356.116E-06    -551.652E-06
             902    -6.36061E-03    -292.849E-06     419.819E-06
             903    -6.72443E-03    -250.424E-06     1.09845E-03
             904    -7.23102E-03     7.64534E-06    -1.58350E-03
             905    -7.00743E-03    -70.3443E-06    -1.00595E-03
             906    -6.58206E-03    -319.142E-06    -973.990E-06
             907    -6.93009E-03    -117.239E-06    -974.466E-06
             908    -6.46330E-03     51.9355E-06     180.322E-06
             909    -5.94820E-03    -340.999E-06    -746.435E-06
             910    -7.46267E-03     165.580E-06     1.42654E-03
             911    -6.25256E-03    -249.937E-06    -257.738E-06
             912    -6.32719E-03    -176.076E-06     81.2697E-06
             913    -6.36499E-03    -231.180E-06    -238.962E-06
             914    -7.28668E-03     19.1503E-06    -1.82702E-03
             915    -7.56296E-03     188.728E-06     1.84015E-03
             916    -8.29737E-03     660.231E-06    -1.31770E-03
             917    -7.77583E-03     341.859E-06    -1.58320E-03
             918    -9.13678E-03     956.116E-06     746.987E-06
             919    -6.87719E-03    -163.176E-06     1.18970E-03
             920    -6.51885E-03    -295.479E-06    -609.667E-06
             921    -6.73552E-03    -226.490E-06     898.624E-06
             922    -7.00992E-03    -121.900E-06    -1.47233E-03
             923    -6.42202E-03     163.756E-06     104.415E-06
             924    -5.89067E-03    -156.431E-06    -126.016E-06
             925    -6.27027E-03     140.934E-06    -210.860E-06
             926    -7.93138E-03     421.563E-06     1.64930E-03
             927    -8.26092E-03     720.577E-06     270.962E-06
             928    -8.50723E-03     702.911E-06     1.41432E-03
             929    -6.02898E-03     120.787E-06    -144.623E-06
             930    -8.63641E-03     855.804E-06     644.539E-06
             931    -6.51261E-03    -262.828E-06    -412.387E-06
             932    -8.25860E-03     685.951E-06     804.585E-06
             933    -8.32483E-03     550.808E-06     1.89503E-03
             934    -6.02989E-03     128.836E-06     141.552E-06
             935    -6.43065E-03     114.492E-06     99.5981E-06
             936    -8.26578E-03     701.629E-06     689.708E-06
             937    -8.45026E-03     805.288E-06    -223.362E-06
             938    -6.19613E-03     100.311E-06     177.677E-06
             939    -6.74469E-03    -229.884E-06     888.228E-06
             940    -6.26302E-03     100.758E-06    -165.323E-06
             941    -6.58265E-03    -252.108E-06     420.840E-06
             942    -6.51666E-03    -247.767E-06     322.535E-06
             943    -6.52868E-03    -240.153E-06     250.032E-06
             944    -6.74974E-03    -225.280E-06    -915.791E-06
             945    -6.69342E-03    -303.963E-06     1.49531E-03
             946    -6.74637E-03    -274.900E-06    -1.50837E-03
             947    -6.57123E-03    -284.510E-06     570.374E-06
             948    -6.24214E-03    -420.178E-06     878.812E-06
             949    -6.88154E-03    -190.736E-06    -1.46080E-03
             950    -7.35138E-03     33.0041E-06    -1.98389E-03
             951    -6.12809E-03    -319.847E-06     542.016E-06
             952    -6.28396E-03    -12.9658E-06     60.8020E-06
             953    -7.20464E-03    -58.8354E-06     1.79270E-03
             954    -6.90924E-03    -167.135E-06     1.50406E-03
             955    -7.28873E-03    -57.0577E-06     2.35117E-03
             956    -7.48346E-03     72.1518E-06    -2.39859E-03
             957    -6.85059E-03    -188.514E-06    -1.17901E-03
             958    -7.67833E-03     319.349E-06     1.34419E-03
             959    -6.19280E-03    -54.3798E-06    -128.032E-06
             960    -6.69999E-03    -289.599E-06     1.18984E-03
             961    -6.22303E-03    -368.849E-06    -1.27931E-03
             962    -6.43012E-03    -320.551E-06    -696.417E-06
             963    -5.88281E-03    -123.494E-06    -311.493E-06
             964    -7.50567E-03     182.207E-06    -1.53647E-03
             965    -8.10266E-03     496.775E-06    -1.63304E-03
             966    -7.69867E-03     219.368E-06    -1.92689E-03
             967    -7.22746E-03     30.5793E-06    -1.39741E-03
             968    -8.11977E-03     469.360E-06    -1.86365E-03
             969    -8.02392E-03     416.075E-06     2.11611E-03
             970    -6.15451E-03    -226.431E-06     132.275E-06
             971    -8.56080E-03     716.536E-06    -1.57980E-03
             972    -6.21402E-03     204.585E-06     8.29291E-06
             973    -6.44183E-03    -332.895E-06    -752.228E-06
             974    -6.38890E-03     247.077E-06     84.0624E-06
             975    -6.27227E-03     1.39785E-06     30.8749E-06
             976    -6.34402E-03     217.469E-06     99.4001E-06
             977    -8.60799E-03     852.463E-06     418.998E-06
             978    -8.58179E-03     790.931E-06     1.17080E-03
             979    -6.61750E-03    -283.590E-06     870.790E-06
             980    -6.68218E-03    -245.089E-06    -776.838E-06
             981    -6.59940E-03    -253.724E-06    -561.446E-06
             982    -8.79933E-03     860.355E-06    -814.737E-06
             983    -6.60687E-03    -262.220E-06     640.473E-06
             984    -6.19025E-03     55.0817E-06     120.802E-06
             985    -5.95913E-03     125.878E-06     60.1703E-06
             986    -6.40664E-03     259.459E-06    -43.4704E-06
             987    -6.67249E-03    -229.432E-06    -619.998E-06
             988    -6.59830E-03    -214.176E-06     226.291E-06
             989    -6.64400E-03    -240.941E-06     487.616E-06
             990    -6.42587E-03    -284.927E-06     385.380E-06
             991    -6.85918E-03    -184.859E-06    -1.18540E-03
             992    -6.49895E-03    -273.044E-06     417.346E-06
             993    -6.30410E-03    -379.019E-06     1.24268E-03
             994    -7.39448E-03     87.7657E-06     1.68960E-03
             995    -6.19510E-03    -223.394E-06    -164.056E-06
             996    -6.40710E-03    -421.289E-06    -1.29082E-03
             997    -6.25077E-03    -370.629E-06    -968.269E-06
             998    -6.44711E-03    -350.199E-06     698.438E-06
             999    -6.00230E-03    -461.158E-06     1.75650E-03
            1000    -7.74409E-03     222.886E-06    -2.33378E-03
            1001    -6.51984E-03    -348.834E-06     1.14577E-03
            1002    -6.58255E-03    -331.170E-06    -1.48231E-03
            1003    -7.76720E-03     172.801E-06     2.91690E-03
            1004    -7.70672E-03     154.481E-06     2.25656E-03
            1005    -6.12800E-03    -333.724E-06     766.682E-06
            1006    -5.94293E-03    -96.7069E-06     228.557E-06
            1007    -6.73278E-03    -284.671E-06    -2.09852E-03
            1008    -6.53030E-03    -311.656E-06     772.393E-06
            1009    -6.65316E-03    -267.329E-06    -933.450E-06
            1010    -5.87810E-03    -290.748E-06     643.266E-06
            1011    -6.55151E-03    -370.362E-06    -1.85468E-03
            1012    -7.08824E-03    -120.247E-06     2.12458E-03
            1013    -6.47383E-03    -362.101E-06     1.80919E-03
            1014    -6.96551E-03    -182.257E-06    -1.80253E-03
            1015    -7.02368E-03    -176.481E-06    -1.91669E-03
            1016    -8.97919E-03     956.991E-06    -177.270E-06
            1017    -6.40615E-03    -374.934E-06     916.907E-06
            1018    -8.46304E-03     462.975E-06     2.62196E-03
            1019    -7.63315E-03     107.423E-06    -3.00465E-03
            1020    -6.63822E-03     206.457E-06     132.471E-06
            1021    -6.68734E-03     214.120E-06     17.3660E-06
            1022    -7.15473E-03     42.9151E-06    -870.316E-06
            1023    -7.52729E-03     326.036E-06    -489.215E-06
            1024    -6.65571E-03     36.4036E-06    -125.358E-06
            1025    -7.17020E-03     43.8451E-06     946.604E-06
            1026    -7.37308E-03     221.499E-06    -508.720E-06
            1027    -6.73487E-03     199.751E-06     29.8483E-06
            1028    -6.83437E-03    -169.745E-06    -940.154E-06
            1029    -6.63784E-03    -22.6456E-06     90.2058E-06
            1030    -6.72863E-03    -186.723E-06    -293.366E-06
            1031    -6.71551E-03    -197.640E-06     445.184E-06
            1032    -6.80725E-03    -170.648E-06    -722.377E-06
            1033    -6.57776E-03    -197.821E-06    -144.270E-06


  Minimum           -9.67553E-03    -1.39406E-03    -4.37086E-03
      At Element             158             156             114

  Maximum           -3.10197E-03     982.901E-06     4.46846E-03
      At Element             156             395             160

           Total        -7.13849     15.2992E-03    -13.5188E-03


Field Output reported at element centroid for region: RVE-1.Region_2

         Element           E.E11           E.E22           E.E12
           Label          @Loc 1          @Loc 1          @Loc 1
-----------------------------------------------------------------
            1034    -1.70544E-03    -143.930E-06     14.6195E-06
            1035    -1.67817E-03    -162.589E-06    -16.1133E-06
            1036    -1.66926E-03    -157.608E-06    -11.9644E-06
            1037    -1.67077E-03    -164.346E-06    -33.1983E-06
            1038    -1.67949E-03    -157.447E-06     21.5059E-06
            1039    -1.67857E-03    -157.954E-06    -6.55715E-06
            1040    -1.68047E-03    -156.922E-06     36.6864E-06
            1041    -1.67597E-03    -161.614E-06     7.02263E-06
            1042    -1.67167E-03    -164.476E-06     5.55207E-06
            1043    -1.67424E-03    -161.979E-06    -2.57003E-06
            1044    -1.67245E-03    -164.846E-06     18.4711E-06
            1045    -1.66897E-03    -168.694E-06    -20.1637E-06
            1046    -1.65643E-03    -168.373E-06    -701.241E-09
            1047    -1.68019E-03    -157.549E-06    -6.46043E-06
            1048    -1.66961E-03    -164.839E-06     4.62545E-06
            1049    -1.68204E-03    -156.381E-06     7.69350E-06
            1050    -1.66521E-03    -150.859E-06    -30.0322E-06
            1051    -1.65815E-03    -167.711E-06    -13.3261E-06
            1052    -1.66655E-03    -165.897E-06    -20.6996E-06
            1053    -1.67799E-03    -158.514E-06     10.9985E-06
            1054    -1.65933E-03    -166.144E-06    -5.95836E-06
            1055    -1.66275E-03    -152.758E-06     26.4404E-06
            1056    -1.67047E-03    -168.615E-06     1.87133E-06
            1057    -1.66665E-03    -159.778E-06     18.5558E-06
            1058    -1.66432E-03    -166.106E-06    -14.9062E-06
            1059    -1.65909E-03    -167.386E-06    -6.34688E-06
            1060    -1.67323E-03    -156.621E-06    -5.09196E-06
            1061    -1.66711E-03    -164.979E-06    -5.55687E-06
            1062    -1.65916E-03    -168.614E-06    -487.742E-09
            1063    -1.66427E-03    -164.626E-06     15.4565E-06
            1064    -1.66735E-03    -177.098E-06     10.6790E-06
            1065    -1.64303E-03    -173.538E-06    -21.9264E-06
            1066    -1.67874E-03    -156.978E-06    -32.8158E-06
            1067    -1.67800E-03    -155.928E-06     3.44374E-06
            1068    -1.66771E-03    -166.421E-06    -13.9101E-06
            1069    -1.69452E-03    -152.768E-06    -7.37792E-06
            1070    -1.66918E-03    -161.900E-06    -1.86818E-06
            1071    -1.67129E-03    -173.959E-06     1.13974E-06
            1072    -1.67430E-03    -160.204E-06    -3.25389E-06
            1073    -1.67143E-03    -166.564E-06     9.60135E-06
            1074    -1.64284E-03    -170.352E-06     18.5428E-06
            1075    -1.65941E-03    -158.842E-06     3.68181E-06
            1076    -1.66685E-03    -170.699E-06    -10.1142E-06
            1077    -1.67207E-03    -155.492E-06     167.558E-09
            1078    -1.65912E-03    -167.491E-06    -3.62377E-06
            1079    -1.66462E-03    -162.599E-06    -6.55939E-06
            1080    -1.65316E-03    -167.900E-06     16.3617E-06
            1081    -1.67268E-03    -163.433E-06    -6.37857E-06
            1082    -1.67154E-03    -162.386E-06     1.41460E-06
            1083    -1.66876E-03    -159.351E-06     6.59810E-06
            1084    -1.66742E-03    -159.005E-06     2.75321E-06
            1085    -1.67476E-03    -161.284E-06     7.33675E-06
            1086    -1.66365E-03    -164.221E-06     673.622E-09
            1087    -1.67666E-03    -160.594E-06     4.27100E-06
            1088    -1.68019E-03    -156.472E-06     15.1409E-06
            1089    -1.66715E-03    -163.295E-06    -6.95453E-06
            1090    -1.66503E-03    -161.996E-06     6.20777E-06
            1091    -1.66236E-03    -166.563E-06    -8.00936E-06
            1092    -1.67909E-03    -164.401E-06     13.2926E-06
            1093    -1.66526E-03    -162.797E-06    -1.74511E-06


  Minimum           -1.70544E-03    -177.098E-06    -33.1983E-06
      At Element            1034            1064            1037

  Maximum           -1.64284E-03    -143.930E-06     36.6864E-06
      At Element            1074            1034            1040

           Total    -100.176E-03    -9.75269E-03    -13.8662E-06


