********************************************************************************
Field Output Report, written Tue Aug 14 16:47:05 2018

Source 1
---------

   ODB: C:/Temp/Job-new.odb
   Step: Step-new
   Frame: Increment      1: Step Time =    1.000

Loc 1 : Whole element values from source 1

Output sorted by column "Element Label".

Field Output reported for whole element for region: RVE-1.Region_1

         Element            EVOL
           Label          @Loc 1
---------------------------------
               1     702.996E-06
               2     640.900E-06
               3     633.350E-06
               4     389.799E-06
               5     1.08747E-03
               6     986.955E-06
               7     1.16786E-03
               8     657.032E-06
               9     884.340E-06
              10     829.579E-06
              11     475.981E-06
              12     648.289E-06
              13     667.329E-06
              14     423.995E-06
              15     965.599E-06
              16     637.608E-06
              17     603.072E-06
              18     613.298E-06
              19     682.658E-06
              20     599.811E-06
              21     724.038E-06
              22     762.018E-06
              23     571.595E-06
              24     706.119E-06
              25     573.967E-06
              26     570.623E-06
              27     747.996E-06
              28     505.773E-06
              29     880.000E-06
              30     2.18040E-03
              31     2.14982E-03
              32     2.16768E-03
              33     2.25796E-03
              34     2.23088E-03
              35     1.82663E-03
              36     2.20578E-03
              37     1.98524E-03
              38     2.18606E-03
              39     2.71216E-03
              40     2.21603E-03
              41     2.17615E-03
              42     2.19003E-03
              43     2.49413E-03
              44     2.26454E-03
              45     2.42814E-03
              46     2.04506E-03
              47     2.04345E-03
              48     2.38547E-03
              49     2.50888E-03
              50     2.57170E-03
              51     2.75060E-03
              52     2.61662E-03
              53     2.24530E-03
              54     2.12164E-03
              55     2.39429E-03
              56     2.81479E-03
              57     1.99872E-03
              58     2.19934E-03
              59     2.22886E-03
              60     2.21250E-03
              61     2.28322E-03
              62     2.16690E-03
              63     2.35841E-03
              64     2.20026E-03
              65     2.19653E-03
              66     2.18432E-03
              67     2.16149E-03
              68     2.11464E-03
              69     2.14830E-03
              70     2.20395E-03
              71     2.27450E-03
              72     2.33061E-03
              73     2.38574E-03
              74     2.48338E-03
              75     2.48880E-03
              76     2.51124E-03
              77     2.49922E-03
              78     2.41617E-03
              79     2.27138E-03
              80     1.80795E-03
              81     2.23802E-03
              82     2.19327E-03
              83     2.16755E-03
              84     2.16436E-03
              85     2.24138E-03
              86     2.46072E-03
              87     2.04745E-03
              88     2.15165E-03
              89     2.25984E-03
              90     2.21662E-03
              91     2.18222E-03
              92     2.11038E-03
              93     2.13880E-03
              94     2.17654E-03
              95     2.29207E-03
              96     2.23107E-03
              97     2.41936E-03
              98     2.47913E-03
              99     2.48177E-03
             100     2.46495E-03
             101     2.62494E-03
             102     2.55375E-03
             103     2.51327E-03
             104     2.52066E-03
             105     2.48202E-03
             106     2.38810E-03
             107     2.31073E-03
             108     2.65184E-03
             109     2.14227E-03
             110     2.22045E-03
             111     2.16673E-03
             112     2.29049E-03
             113     2.29777E-03
             114     2.48221E-03
             115     2.19909E-03
             116     2.50681E-03
             117     2.15208E-03
             118     2.19096E-03
             119     2.50812E-03
             120     2.28205E-03
             121     2.41079E-03
             122     2.33121E-03
             123     2.44075E-03
             124     2.46754E-03
             125     2.48310E-03
             126     2.45289E-03
             127     2.62317E-03
             128     2.56175E-03
             129     2.50930E-03
             130     2.52649E-03
             131     2.48954E-03
             132     2.18523E-03
             133     2.47338E-03
             134     2.43960E-03
             135     2.12974E-03
             136     2.20412E-03
             137     2.22279E-03
             138     2.29759E-03
             139     2.31272E-03
             140     2.25844E-03
             141     2.15827E-03
             142     2.19268E-03
             143     2.23908E-03
             144     2.29102E-03
             145     2.23405E-03
             146     2.25945E-03
             147     2.28945E-03
             148     2.33213E-03
             149     2.36948E-03
             150     2.44170E-03
             151     2.26072E-03
             152     2.79730E-03
             153     2.23535E-03
             154     3.26314E-03
             155     2.95659E-03
             156     2.05452E-03
             157     2.30816E-03
             158     2.66379E-03
             159     2.28417E-03
             160     2.31309E-03
             161     2.17727E-03
             162     2.24712E-03
             163     2.24912E-03
             164     2.25369E-03
             165     3.53018E-03
             166     2.05797E-03
             167     1.99146E-03
             168     2.19812E-03
             169     2.13899E-03
             170     2.23289E-03
             171     2.02206E-03
             172     2.16804E-03
             173     2.00176E-03
             174     2.31222E-03
             175     2.12398E-03
             176     2.30340E-03
             177     2.11396E-03
             178     2.20827E-03
             179     2.30238E-03
             180     2.33378E-03
             181     2.05084E-03
             182     1.84507E-03
             183     2.14569E-03
             184     2.24144E-03
             185     2.24024E-03
             186     2.17301E-03
             187     2.27712E-03
             188     2.33979E-03
             189     2.15255E-03
             190     2.46739E-03
             191     2.24087E-03
             192     2.06077E-03
             193     2.21015E-03
             194     2.23879E-03
             195     2.44362E-03
             196     2.23884E-03
             197     2.37780E-03
             198     2.07416E-03
             199     2.44803E-03
             200     2.13449E-03
             201     2.34442E-03
             202     2.20819E-03
             203     2.14464E-03
             204     2.28281E-03
             205     2.26874E-03
             206     2.24312E-03
             207     2.23103E-03
             208     2.17839E-03
             209     2.17260E-03
             210     2.21087E-03
             211     2.25947E-03
             212     2.27474E-03
             213     2.18680E-03
             214     2.67489E-03
             215     2.35761E-03
             216     2.13478E-03
             217     3.07214E-03
             218     2.06707E-03
             219     2.26911E-03
             220     2.02321E-03
             221     2.21186E-03
             222     2.28287E-03
             223     1.96310E-03
             224     2.21361E-03
             225     2.13751E-03
             226     2.14739E-03
             227     2.25213E-03
             228     2.03663E-03
             229     2.12405E-03
             230     2.05582E-03
             231     2.85168E-03
             232     2.38772E-03
             233     2.52531E-03
             234     2.42343E-03
             235     2.49951E-03
             236     2.40739E-03
             237     2.21040E-03
             238     2.66866E-03
             239     2.23947E-03
             240     2.30335E-03
             241     2.13196E-03
             242     2.10217E-03
             243     2.05426E-03
             244     2.27500E-03
             245     2.10981E-03
             246     1.94552E-03
             247     2.06316E-03
             248     3.21188E-03
             249     2.10290E-03
             250     2.74793E-03
             251     2.29091E-03
             252     2.39618E-03
             253     2.48547E-03
             254     2.56845E-03
             255     2.24039E-03
             256     2.30015E-03
             257     2.31551E-03
             258     2.16457E-03
             259     2.25840E-03
             260     2.72912E-03
             261     2.16135E-03
             262     2.09992E-03
             263     2.57613E-03
             264     2.55735E-03
             265     2.53644E-03
             266     2.37042E-03
             267     2.46009E-03
             268     2.49113E-03
             269     2.50385E-03
             270     2.06600E-03
             271     2.17416E-03
             272     2.56224E-03
             273     1.91360E-03
             274     2.31473E-03
             275     1.72786E-03
             276     2.61301E-03
             277     2.18418E-03
             278     2.16062E-03
             279     2.40950E-03
             280     2.41292E-03
             281     2.52436E-03
             282     2.62407E-03
             283     2.49157E-03
             284     2.18788E-03
             285     2.11159E-03
             286     2.42276E-03
             287     1.50077E-03
             288     2.87928E-03
             289     2.48669E-03
             290     2.50402E-03
             291     2.50359E-03
             292     2.17385E-03
             293     2.76301E-03
             294     2.46828E-03
             295     2.50266E-03
             296     2.11172E-03
             297     2.47996E-03
             298     2.17763E-03
             299     2.34411E-03
             300     2.25342E-03
             301     1.81978E-03
             302     2.40756E-03
             303     2.08351E-03
             304     2.48674E-03
             305     2.48854E-03
             306     2.51022E-03
             307     2.10557E-03
             308     2.00772E-03
             309     2.22544E-03
             310     2.55136E-03
             311     1.92094E-03
             312     2.14794E-03
             313     2.18609E-03
             314     2.16448E-03
             315     2.76441E-03
             316     1.97056E-03
             317     2.17659E-03
             318     1.87610E-03
             319     2.36138E-03
             320     2.15229E-03
             321     2.08348E-03
             322     2.22060E-03
             323     2.48814E-03
             324     2.34657E-03
             325     2.20849E-03
             326     2.15561E-03
             327     2.28736E-03
             328     2.12380E-03
             329     2.30063E-03
             330     2.35642E-03
             331     2.31579E-03
             332     2.19314E-03
             333     2.09070E-03
             334     2.00227E-03
             335     2.34828E-03
             336     2.59167E-03
             337     2.31381E-03
             338     2.23425E-03
             339     1.85516E-03
             340     2.08652E-03
             341     2.25932E-03
             342     2.09258E-03
             343     2.03715E-03
             344     2.16061E-03
             345     1.74573E-03
             346     2.29060E-03
             347     2.24840E-03
             348     2.20001E-03
             349     1.21829E-03
             350     2.15604E-03
             351     2.02312E-03
             352     2.12846E-03
             353     2.25031E-03
             354     2.27255E-03
             355     2.52117E-03
             356     2.22394E-03
             357     1.88580E-03
             358     1.68815E-03
             359     2.37839E-03
             360     2.70913E-03
             361     2.76483E-03
             362     2.37573E-03
             363     2.25593E-03
             364     1.82443E-03
             365     1.85495E-03
             366     2.21929E-03
             367     1.96731E-03
             368     2.29714E-03
             369     2.46181E-03
             370     2.65353E-03
             371     2.54586E-03
             372     2.19423E-03
             373     2.01575E-03
             374     2.08931E-03
             375     2.25779E-03
             376     2.02699E-03
             377     2.05447E-03
             378     2.48109E-03
             379     2.54656E-03
             380     2.34204E-03
             381     2.56350E-03
             382     2.38286E-03
             383     2.25184E-03
             384     2.45399E-03
             385     2.19322E-03
             386     2.25741E-03
             387     2.36468E-03
             388     2.70968E-03
             389     2.77417E-03
             390     2.57700E-03
             391     1.89998E-03
             392     1.76820E-03
             393     2.07028E-03
             394     2.16658E-03
             395     2.44104E-03
             396     2.10471E-03
             397     2.01923E-03
             398     2.17938E-03
             399     2.08236E-03
             400     2.29757E-03
             401     2.37476E-03
             402     2.01716E-03
             403     2.17202E-03
             404     2.85575E-03
             405     2.48874E-03
             406     2.68396E-03
             407     2.39013E-03
             408     2.18398E-03
             409     2.04972E-03
             410     2.45624E-03
             411     1.93527E-03
             412     2.02043E-03
             413     2.15430E-03
             414     1.47424E-03
             415     1.94464E-03
             416     2.24735E-03
             417     2.00746E-03
             418     1.48026E-03
             419     2.38246E-03
             420     2.62871E-03
             421     2.63437E-03
             422     2.71327E-03
             423     2.57025E-03
             424     2.60930E-03
             425     2.86836E-03
             426     2.63079E-03
             427     2.61907E-03
             428     2.03694E-03
             429     2.37079E-03
             430     1.85514E-03
             431     2.16862E-03
             432     2.35738E-03
             433     2.46917E-03
             434     2.25580E-03
             435     2.08807E-03
             436     2.76510E-03
             437     2.04843E-03
             438     1.97488E-03
             439     1.97063E-03
             440     2.43593E-03
             441     2.08922E-03
             442     1.54954E-03
             443     2.44776E-03
             444     2.50544E-03
             445     1.40558E-03
             446     2.09841E-03
             447     1.42197E-03
             448     2.07924E-03
             449     1.80663E-03
             450     2.20391E-03
             451     2.94480E-03
             452     2.27344E-03
             453     2.47867E-03
             454     2.21497E-03
             455     1.49837E-03
             456     1.98532E-03
             457     1.77434E-03
             458     1.91966E-03
             459     2.08927E-03
             460     3.21622E-03
             461     2.19715E-03
             462     2.84223E-03
             463     2.00838E-03
             464     2.53927E-03
             465     2.10858E-03
             466     2.05790E-03
             467     2.02488E-03
             468     1.51464E-03
             469     2.16025E-03
             470     2.33568E-03
             471     2.11322E-03
             472     2.44548E-03
             473     2.27438E-03
             474     1.36600E-03
             475     2.17563E-03
             476     1.71859E-03
             477     2.03674E-03
             478     1.62432E-03
             479     1.67000E-03
             480     1.87999E-03
             481     2.53412E-03
             482     2.79752E-03
             483     2.47164E-03
             484     2.42654E-03
             485     2.04150E-03
             486     1.95181E-03
             487     1.80853E-03
             488     1.90598E-03
             489     1.93549E-03
             490     2.20723E-03
             491     2.28491E-03
             492     2.07548E-03
             493     2.01561E-03
             494     1.83345E-03
             495     1.78763E-03
             496     2.20551E-03
             497     2.65752E-03
             498     2.03426E-03
             499     2.26291E-03
             500     2.58915E-03
             501     2.38867E-03
             502     2.74272E-03
             503     2.15570E-03
             504     2.71945E-03
             505     2.01452E-03
             506     3.02973E-03
             507     2.19952E-03
             508     1.93193E-03
             509     1.17008E-03
             510     1.76119E-03
             511     1.38320E-03
             512     2.00000E-03
             513     1.62469E-03
             514     1.90221E-03
             515     2.04724E-03
             516     2.00655E-03
             517     1.25182E-03
             518     2.90894E-03
             519     2.60003E-03
             520     2.16329E-03
             521     1.94810E-03
             522     1.99562E-03
             523     2.19114E-03
             524     1.79809E-03
             525     1.82052E-03
             526     2.44641E-03
             527     1.88049E-03
             528     2.16169E-03
             529     2.55750E-03
             530     2.36977E-03
             531     2.69193E-03
             532     2.18561E-03
             533     2.15026E-03
             534     1.85081E-03
             535     2.59580E-03
             536     2.73855E-03
             537     1.93292E-03
             538     2.04611E-03
             539     941.165E-06
             540     1.76021E-03
             541     1.26110E-03
             542     2.63625E-03
             543     3.11639E-03
             544     1.69207E-03
             545     1.65532E-03
             546     2.55662E-03
             547     1.23008E-03
             548     2.30025E-03
             549     2.55061E-03
             550     1.68218E-03
             551     1.65602E-03
             552     2.15203E-03
             553     2.19416E-03
             554     2.05387E-03
             555     2.35669E-03
             556     1.91362E-03
             557     2.06971E-03
             558     1.88762E-03
             559     2.41681E-03
             560     2.01133E-03
             561     2.03658E-03
             562     2.13964E-03
             563     1.82789E-03
             564     1.58139E-03
             565     2.74520E-03
             566     1.48933E-03
             567     2.14298E-03
             568     2.01909E-03
             569     1.94009E-03
             570     3.00412E-03
             571     2.18985E-03
             572     1.23868E-03
             573     1.37551E-03
             574     1.64218E-03
             575     2.49261E-03
             576     2.86718E-03
             577     2.86411E-03
             578     2.66088E-03
             579     1.86382E-03
             580     3.21924E-03
             581     3.28180E-03
             582     1.69234E-03
             583     1.59241E-03
             584     1.85729E-03
             585     1.68881E-03
             586     2.26102E-03
             587     2.23772E-03
             588     1.11583E-03
             589     1.61789E-03
             590     2.06100E-03
             591     1.34733E-03
             592     1.66501E-03
             593     998.758E-06
             594     1.31219E-03
             595     1.79429E-03
             596     1.91476E-03
             597     2.23820E-03
             598     1.95087E-03
             599     1.93998E-03
             600     1.75070E-03
             601     1.18810E-03
             602     1.95462E-03
             603     1.27880E-03
             604     2.64564E-03
             605     2.36275E-03
             606     1.98021E-03
             607     2.29678E-03
             608     2.03182E-03
             609     2.58864E-03
             610     1.24230E-03
             611     2.14052E-03
             612     1.47603E-03
             613     1.41547E-03
             614     2.84426E-03
             615     1.59147E-03
             616     2.58024E-03
             617     3.42490E-03
             618     2.03749E-03
             619     2.21578E-03
             620     1.64281E-03
             621     2.21564E-03
             622     1.65446E-03
             623     1.42166E-03
             624     2.04678E-03
             625     1.60199E-03
             626     1.57313E-03
             627     2.95546E-03
             628     2.54531E-03
             629     2.13399E-03
             630     1.98051E-03
             631     1.66665E-03
             632     1.75228E-03
             633     1.84277E-03
             634     2.30508E-03
             635     2.19208E-03
             636     2.08188E-03
             637     1.26882E-03
             638     1.74935E-03
             639     2.90070E-03
             640     1.77607E-03
             641     2.21394E-03
             642     3.18989E-03
             643     2.30452E-03
             644     1.91690E-03
             645     2.38800E-03
             646     1.41568E-03
             647     2.49874E-03
             648     1.87981E-03
             649     1.80530E-03
             650     2.07111E-03
             651     1.97195E-03
             652     3.15360E-03
             653     2.03049E-03
             654     1.75238E-03
             655     1.30572E-03
             656     2.22170E-03
             657     1.71516E-03
             658     1.61446E-03
             659     2.04849E-03
             660     1.72372E-03
             661     2.45249E-03
             662     3.43674E-03
             663     2.16602E-03
             664     1.69195E-03
             665     2.03357E-03
             666     1.77808E-03
             667     3.13088E-03
             668     2.08172E-03
             669     2.30182E-03
             670     1.90434E-03
             671     1.47398E-03
             672     2.32951E-03
             673     2.34445E-03
             674     1.59934E-03
             675     2.16826E-03
             676     1.34190E-03
             677     2.15535E-03
             678     2.11305E-03
             679     2.08795E-03
             680     1.63656E-03
             681     1.50088E-03
             682     1.77734E-03
             683     2.13599E-03
             684     2.36606E-03
             685     1.84256E-03
             686     2.05272E-03
             687     2.32350E-03
             688     1.63941E-03
             689     2.96485E-03
             690     2.19687E-03
             691     1.70821E-03
             692     1.47595E-03
             693     1.57238E-03
             694     1.58445E-03
             695     1.70023E-03
             696     1.90232E-03
             697     2.26440E-03
             698     2.56231E-03
             699     1.45194E-03
             700     1.75958E-03
             701     1.52370E-03
             702     1.95543E-03
             703     862.159E-06
             704     2.70768E-03
             705     2.32373E-03
             706     3.13338E-03
             707     2.42382E-03
             708     1.70835E-03
             709     1.93381E-03
             710     2.12414E-03
             711     2.16122E-03
             712     2.26341E-03
             713     2.11303E-03
             714     2.13915E-03
             715     1.80010E-03
             716     2.11858E-03
             717     2.19276E-03
             718     1.94381E-03
             719     1.90620E-03
             720     2.93759E-03
             721     1.83827E-03
             722     2.14885E-03
             723     1.51661E-03
             724     1.68102E-03
             725     1.47259E-03
             726     1.97797E-03
             727     1.23849E-03
             728     1.44853E-03
             729     2.75864E-03
             730     2.09934E-03
             731     2.14573E-03
             732     2.11366E-03
             733     2.41072E-03
             734     1.36234E-03
             735     2.32951E-03
             736     1.51090E-03
             737     2.04208E-03
             738     2.25430E-03
             739     1.60952E-03
             740     1.95806E-03
             741     1.68410E-03
             742     1.94101E-03
             743     2.73746E-03
             744     2.72152E-03
             745     2.88136E-03
             746     2.04473E-03
             747     1.93193E-03
             748     1.43237E-03
             749     1.60589E-03
             750     1.81992E-03
             751     1.55025E-03
             752     1.91900E-03
             753     1.17077E-03
             754     1.68306E-03
             755     1.50882E-03
             756     1.71943E-03
             757     1.29529E-03
             758     2.63787E-03
             759     2.23780E-03
             760     2.50689E-03
             761     2.26111E-03
             762     2.71951E-03
             763     2.14482E-03
             764     2.07253E-03
             765     2.02058E-03
             766     1.59643E-03
             767     1.23811E-03
             768     2.14784E-03
             769     1.99593E-03
             770     1.98442E-03
             771     2.16041E-03
             772     1.88471E-03
             773     1.16642E-03
             774     2.12634E-03
             775     2.25440E-03
             776     2.53960E-03
             777     1.73737E-03
             778     2.28794E-03
             779     1.67940E-03
             780     1.88436E-03
             781     1.96644E-03
             782     1.97993E-03
             783     2.15550E-03
             784     2.14094E-03
             785     1.88771E-03
             786     2.06554E-03
             787     2.24413E-03
             788     2.11545E-03
             789     2.17769E-03
             790     1.16492E-03
             791     1.77412E-03
             792     1.65657E-03
             793     1.89755E-03
             794     1.88375E-03
             795     1.70209E-03
             796     2.05182E-03
             797     2.17498E-03
             798     1.46099E-03
             799     2.13838E-03
             800     2.02047E-03
             801     2.05687E-03
             802     2.12748E-03
             803     1.38216E-03
             804     2.14493E-03
             805     2.35888E-03
             806     2.04674E-03
             807     2.03634E-03
             808     1.81511E-03
             809     1.60202E-03
             810     1.70958E-03
             811     2.08324E-03
             812     1.36503E-03
             813     1.28606E-03
             814     2.03117E-03
             815     1.94338E-03
             816     1.60662E-03
             817     1.33484E-03
             818     2.39120E-03
             819     2.94930E-03
             820     1.50332E-03
             821     1.28865E-03
             822     1.36453E-03
             823     2.36038E-03
             824     1.44259E-03
             825     1.86375E-03
             826     2.86132E-03
             827     1.40822E-03
             828     1.57088E-03
             829     2.21592E-03
             830     2.21734E-03
             831     2.47836E-03
             832     2.21413E-03
             833     1.59646E-03
             834     2.33172E-03
             835     2.30261E-03
             836     2.01640E-03
             837     2.10738E-03
             838     2.01092E-03
             839     2.03539E-03
             840     1.91557E-03
             841     2.13736E-03
             842     2.26981E-03
             843     1.69089E-03
             844     2.11313E-03
             845     1.69217E-03
             846     1.59000E-03
             847     2.00582E-03
             848     1.95117E-03
             849     2.47603E-03
             850     1.68025E-03
             851     1.74261E-03
             852     2.67328E-03
             853     1.54816E-03
             854     1.63725E-03
             855     1.87495E-03
             856     1.85421E-03
             857     2.47829E-03
             858     1.72714E-03
             859     2.07535E-03
             860     1.84000E-03
             861     1.94116E-03
             862     2.54528E-03
             863     1.87409E-03
             864     1.85177E-03
             865     2.00708E-03
             866     2.21634E-03
             867     2.30115E-03
             868     1.97670E-03
             869     1.23638E-03
             870     2.02849E-03
             871     1.77328E-03
             872     1.84627E-03
             873     1.41223E-03
             874     1.93582E-03
             875     1.65626E-03
             876     1.93084E-03
             877     2.15832E-03
             878     2.60605E-03
             879     1.76731E-03
             880     1.50360E-03
             881     1.74463E-03
             882     2.12129E-03
             883     2.30587E-03
             884     1.77378E-03
             885     1.65421E-03
             886     2.09440E-03
             887     1.64737E-03
             888     1.30217E-03
             889     1.77350E-03
             890     1.74752E-03
             891     1.73173E-03
             892     1.59767E-03
             893     1.55024E-03
             894     1.24745E-03
             895     1.71343E-03
             896     2.15581E-03
             897     1.12809E-03
             898     1.15706E-03
             899     1.98085E-03
             900     2.51611E-03
             901     1.83682E-03
             902     2.52523E-03
             903     2.37121E-03
             904     2.03854E-03
             905     1.84238E-03
             906     2.64632E-03
             907     1.53537E-03
             908     1.55716E-03
             909     2.00990E-03
             910     1.78533E-03
             911     2.13773E-03
             912     2.41948E-03
             913     1.28768E-03
             914     1.77660E-03
             915     2.14814E-03
             916     2.12023E-03
             917     1.56159E-03
             918     2.05277E-03
             919     1.84770E-03
             920     2.05509E-03
             921     2.00224E-03
             922     1.97466E-03
             923     1.66558E-03
             924     2.06021E-03
             925     2.27525E-03
             926     2.14584E-03
             927     2.13379E-03
             928     2.29350E-03
             929     2.10411E-03
             930     2.22439E-03
             931     2.88333E-03
             932     2.07614E-03
             933     1.94227E-03
             934     2.26199E-03
             935     1.71828E-03
             936     1.82464E-03
             937     1.94616E-03
             938     1.99873E-03
             939     1.60944E-03
             940     2.52323E-03
             941     1.47707E-03
             942     2.10744E-03
             943     1.82556E-03
             944     1.72624E-03
             945     2.63100E-03
             946     2.12916E-03
             947     1.70076E-03
             948     2.51750E-03
             949     2.01598E-03
             950     1.86287E-03
             951     2.55885E-03
             952     1.99570E-03
             953     1.75835E-03
             954     1.61850E-03
             955     3.04178E-03
             956     1.60598E-03
             957     1.99648E-03
             958     1.77697E-03
             959     1.78290E-03
             960     1.79538E-03
             961     1.91480E-03
             962     2.40371E-03
             963     2.12682E-03
             964     1.72962E-03
             965     1.42249E-03
             966     1.55868E-03
             967     1.77009E-03
             968     2.01326E-03
             969     2.86343E-03
             970     1.94089E-03
             971     1.88971E-03
             972     2.16113E-03
             973     2.53028E-03
             974     1.87633E-03
             975     2.54006E-03
             976     1.86020E-03
             977     1.92712E-03
             978     1.91114E-03
             979     1.78981E-03
             980     1.48675E-03
             981     1.72640E-03
             982     2.34594E-03
             983     2.02670E-03
             984     1.87183E-03
             985     2.11972E-03
             986     2.00124E-03
             987     1.52766E-03
             988     1.98832E-03
             989     1.55260E-03
             990     2.63155E-03
             991     2.03661E-03
             992     1.91044E-03
             993     2.54874E-03
             994     1.86555E-03
             995     1.73606E-03
             996     2.18028E-03
             997     2.09459E-03
             998     2.05218E-03
             999     2.18321E-03
            1000     2.01366E-03
            1001     2.07517E-03
            1002     2.10043E-03
            1003     2.62913E-03
            1004     1.93547E-03
            1005     1.91042E-03
            1006     2.56488E-03
            1007     2.08265E-03
            1008     2.66416E-03
            1009     1.97383E-03
            1010     1.59201E-03
            1011     2.12447E-03
            1012     1.91041E-03
            1013     2.17795E-03
            1014     2.04054E-03
            1015     1.86998E-03
            1016     2.00219E-03
            1017     2.56671E-03
            1018     1.79262E-03
            1019     2.18634E-03
            1020     1.48585E-03
            1021     2.17928E-03
            1022     1.70174E-03
            1023     1.82517E-03
            1024     1.72134E-03
            1025     1.48637E-03
            1026     1.93838E-03
            1027     1.65703E-03
            1028     2.22387E-03
            1029     1.95732E-03
            1030     1.38618E-03
            1031     1.44304E-03
            1032     1.83515E-03
            1033     2.66921E-03


  Minimum            389.799E-06
      At Element               4

  Maximum            3.53018E-03
      At Element             165

           Total         2.14947


Field Output reported for whole element for region: RVE-1.Region_2

         Element            EVOL
           Label          @Loc 1
---------------------------------
            1034     866.811E-06
            1035     598.291E-06
            1036     771.081E-06
            1037     426.067E-06
            1038     862.303E-06
            1039     2.23761E-03
            1040     2.46113E-03
            1041     2.03553E-03
            1042     1.91007E-03
            1043     1.47902E-03
            1044     1.76780E-03
            1045     1.29067E-03
            1046     1.07357E-03
            1047     1.69258E-03
            1048     1.36841E-03
            1049     1.37555E-03
            1050     2.19082E-03
            1051     1.93633E-03
            1052     1.06424E-03
            1053     1.51243E-03
            1054     1.70543E-03
            1055     2.35372E-03
            1056     1.99793E-03
            1057     1.39019E-03
            1058     2.18295E-03
            1059     2.17372E-03
            1060     2.04751E-03
            1061     2.03823E-03
            1062     1.73315E-03
            1063     1.62726E-03
            1064     2.48800E-03
            1065     1.88684E-03
            1066     1.83329E-03
            1067     1.85714E-03
            1068     1.97568E-03
            1069     2.08512E-03
            1070     2.00985E-03
            1071     1.51640E-03
            1072     1.53991E-03
            1073     1.99298E-03
            1074     2.40020E-03
            1075     1.36229E-03
            1076     1.28598E-03
            1077     1.39221E-03
            1078     1.69738E-03
            1079     2.20731E-03
            1080     1.34289E-03
            1081     1.27848E-03
            1082     1.74414E-03
            1083     1.17493E-03
            1084     1.69474E-03
            1085     2.15869E-03
            1086     1.42434E-03
            1087     2.55034E-03
            1088     984.787E-06
            1089     2.85802E-03
            1090     1.25214E-03
            1091     1.45077E-03
            1092     1.46530E-03
            1093     1.44570E-03


  Minimum            426.067E-06
      At Element            1037

  Maximum            2.85802E-03
      At Element            1089

           Total     100.526E-03


