\BOOKMARK [0][-]{chapter.1}{Introduction et Mod\351lisation par \311l\351ments Finis}{}% 1
\BOOKMARK [1][-]{section.1.1}{Introduction}{chapter.1}% 2
\BOOKMARK [1][-]{section.1.2}{Probl\350me Physique}{chapter.1}% 3
\BOOKMARK [2][-]{subsection.1.2.1}{\311quation d'\311quilibre}{section.1.2}% 4
\BOOKMARK [1][-]{section.1.3}{Formulation Faible}{chapter.1}% 5
\BOOKMARK [2][-]{subsection.1.3.1}{Solution Analytique}{section.1.3}% 6
\BOOKMARK [1][-]{section.1.4}{la forme d'approximation par interpolation}{chapter.1}% 7
\BOOKMARK [1][-]{section.1.5}{Expressions des matrices A et B }{chapter.1}% 8
\BOOKMARK [2][-]{subsection.1.5.1}{Fonctions de Bases}{section.1.5}% 9
\BOOKMARK [2][-]{subsection.1.5.2}{Fonctions de Formes}{section.1.5}% 10
\BOOKMARK [2][-]{subsection.1.5.3}{Interpolation Polynomiale}{section.1.5}% 11
\BOOKMARK [2][-]{subsection.1.5.4}{Syst\350me lin\351aire pour un \351l\351ment k}{section.1.5}% 12
\BOOKMARK [0][-]{chapter.2}{R\351solution num\351rique}{}% 13
\BOOKMARK [1][-]{section.2.1}{Algorithme}{chapter.2}% 14
\BOOKMARK [1][-]{section.2.2}{Programme}{chapter.2}% 15
\BOOKMARK [0][-]{chapter.3}{R\351sultats et Conclusions}{}% 16
\BOOKMARK [1][-]{section.3.1}{R\351sultats}{chapter.3}% 17
\BOOKMARK [2][-]{subsection.3.1.1}{Solution approch\351e pour N=5}{section.3.1}% 18
\BOOKMARK [2][-]{subsection.3.1.2}{\311tude pour N croissant}{section.3.1}% 19
\BOOKMARK [2][-]{subsection.3.1.3}{Influence du polyn\364me d'interpolation}{section.3.1}% 20
\BOOKMARK [1][-]{section.3.2}{Conclusion}{chapter.3}% 21
\BOOKMARK [0][-]{appendix.A}{Code Python}{}% 22
\BOOKMARK [1][-]{section.A.1}{Listes des fonctions}{appendix.A}% 23
\BOOKMARK [2][-]{subsection.A.1.1}{Param\350tres du probl\350me}{section.A.1}% 24
\BOOKMARK [1][-]{section.A.2}{\311tude pour N=5}{appendix.A}% 25
\BOOKMARK [2][-]{subsection.A.2.1}{Solution approch\351e pour N=5}{section.A.2}% 26
\BOOKMARK [2][-]{subsection.A.2.2}{Erreur relative pour N=5}{section.A.2}% 27
\BOOKMARK [1][-]{section.A.3}{\311tude pour diff\351rents N}{appendix.A}% 28
\BOOKMARK [2][-]{subsection.A.3.1}{Solutions Approch\351es pour diff\351rents N}{section.A.3}% 29
\BOOKMARK [2][-]{subsection.A.3.2}{Erreur relative en fonction de h}{section.A.3}% 30
\BOOKMARK [2][-]{subsection.A.3.3}{Erreur relative en fonction de N}{section.A.3}% 31
\BOOKMARK [1][-]{section.A.4}{\311tude de l'erreur relative en fonction du polyn\364me interpolation}{appendix.A}% 32
