\BOOKMARK [0][-]{chapter.1}{Introduction et S\351paration des variables}{}% 1
\BOOKMARK [1][-]{section.1.1}{Introduction}{chapter.1}% 2
\BOOKMARK [1][-]{section.1.2}{S\351paration des variables}{chapter.1}% 3
\BOOKMARK [2][-]{subsection.1.2.1}{\311quation d'\311quilibre}{section.1.2}% 4
\BOOKMARK [2][-]{subsection.1.2.2}{S\351parations}{section.1.2}% 5
\BOOKMARK [1][-]{section.1.3}{Solution des fonctions}{chapter.1}% 6
\BOOKMARK [2][-]{subsection.1.3.1}{\351quation diff\351rentielles ordinaires}{section.1.3}% 7
\BOOKMARK [2][-]{subsection.1.3.2}{recherche la solution}{section.1.3}% 8
\BOOKMARK [1][-]{section.1.4}{Solution finalement}{chapter.1}% 9
\BOOKMARK [0][-]{chapter.2}{R\351solution dans le cas de la poutre encastr\351e-appuie}{}% 10
\BOOKMARK [1][-]{section.2.1}{conditons limites}{chapter.2}% 11
\BOOKMARK [2][-]{subsection.2.1.1}{extr\351mit\351 en appui simple \340 l'abscisse x=L}{section.2.1}% 12
\BOOKMARK [2][-]{subsection.2.1.2}{Encastrement \340 l'abscisse x=0}{section.2.1}% 13
\BOOKMARK [2][-]{subsection.2.1.3}{R\351sultat par les conditions limites}{section.2.1}% 14
\BOOKMARK [1][-]{section.2.2}{Solution analyse}{chapter.2}% 15
\BOOKMARK [1][-]{section.2.3}{Infinit\351 de solutions}{chapter.2}% 16
\BOOKMARK [1][-]{section.2.4}{Solution g\351n\351rale}{chapter.2}% 17
\BOOKMARK [0][-]{chapter.3}{Analyse et R\351sultat}{}% 18
\BOOKMARK [1][-]{section.3.1}{Premier condition}{chapter.3}% 19
\BOOKMARK [2][-]{subsection.3.1.1}{serie de Fr}{section.3.1}% 20
\BOOKMARK [2][-]{subsection.3.1.2}{Transform\351 de Fourier}{section.3.1}% 21
\BOOKMARK [1][-]{section.3.2}{Deuxi\350me condition}{chapter.3}% 22
\BOOKMARK [2][-]{subsection.3.2.1}{Deriv\351e partiel d'\351quation}{section.3.2}% 23
\BOOKMARK [2][-]{subsection.3.2.2}{Nulle de derivation}{section.3.2}% 24
\BOOKMARK [1][-]{section.3.3}{Solution compl\350te}{chapter.3}% 25
\BOOKMARK [0][-]{chapter.4}{ Pr\351nsatations Graphiques}{}% 26
\BOOKMARK [1][-]{section.4.1}{Graphiques temps fix\351}{chapter.4}% 27
\BOOKMARK [2][-]{subsection.4.1.1}{Mode 1 \(=1\)}{section.4.1}% 28
\BOOKMARK [2][-]{subsection.4.1.2}{Mode 2 \(=2\)}{section.4.1}% 29
\BOOKMARK [2][-]{subsection.4.1.3}{V\(x,0\) total pour 1 et 2}{section.4.1}% 30
\BOOKMARK [2][-]{subsection.4.1.4}{Mode 5 \(=5\)}{section.4.1}% 31
\BOOKMARK [2][-]{subsection.4.1.5}{V\(x,0\) total pour 1,2,3,4,5}{section.4.1}% 32
\BOOKMARK [1][-]{section.4.2}{Graphiques position fix\351}{chapter.4}% 33
\BOOKMARK [2][-]{subsection.4.2.1}{Mode1 du temps }{section.4.2}% 34
\BOOKMARK [2][-]{subsection.4.2.2}{Mode2 du temps }{section.4.2}% 35
\BOOKMARK [2][-]{subsection.4.2.3}{Viration2 total du temps }{section.4.2}% 36
\BOOKMARK [2][-]{subsection.4.2.4}{Viration5 total du temps }{section.4.2}% 37
\BOOKMARK [0][-]{chapter.5}{Conclution}{}% 38
\BOOKMARK [0][-]{appendix.A}{Code Python}{}% 39
\BOOKMARK [1][-]{section.A.1}{Listes des fonctions}{appendix.A}% 40
\BOOKMARK [2][-]{subsection.A.1.1}{Param\350tres du probl\350me}{section.A.1}% 41
\BOOKMARK [1][-]{section.A.2}{\311tude pour N=5}{appendix.A}% 42
\BOOKMARK [2][-]{subsection.A.2.1}{Solution approch\351e pour N=5}{section.A.2}% 43
\BOOKMARK [2][-]{subsection.A.2.2}{Erreur relative pour N=5}{section.A.2}% 44
\BOOKMARK [1][-]{section.A.3}{\311tude pour diff\351rents N}{appendix.A}% 45
\BOOKMARK [2][-]{subsection.A.3.1}{Solutions Approch\351es pour diff\351rents N}{section.A.3}% 46
\BOOKMARK [2][-]{subsection.A.3.2}{Erreur relative en fonction de h}{section.A.3}% 47
\BOOKMARK [2][-]{subsection.A.3.3}{Erreur relative en fonction de N}{section.A.3}% 48
\BOOKMARK [1][-]{section.A.4}{\311tude de l'erreur relative en fonction du polyn\364me interpolation}{appendix.A}% 49
