\BOOKMARK [0][-]{chapter.1}{Introduction}{}% 1
\BOOKMARK [1][-]{section.1.1}{Probl\350me physique}{chapter.1}% 2
\BOOKMARK [1][-]{section.1.2}{Objectif}{chapter.1}% 3
\BOOKMARK [1][-]{section.1.3}{Proc\351dure}{chapter.1}% 4
\BOOKMARK [0][-]{chapter.2}{Evolution du probl\350me}{}% 5
\BOOKMARK [1][-]{section.2.1}{Equation equilibre et conditions limites}{chapter.2}% 6
\BOOKMARK [1][-]{section.2.2}{Evolution du fonction}{chapter.2}% 7
\BOOKMARK [2][-]{subsection.2.2.1}{Fomulation faible}{section.2.2}% 8
\BOOKMARK [0][-]{chapter.3}{Approximation \351lement finis}{}% 9
\BOOKMARK [1][-]{section.3.1}{Syst\350me matricielle}{chapter.3}% 10
\BOOKMARK [1][-]{section.3.2}{Interpolation polyn\364me degr\351 2}{chapter.3}% 11
\BOOKMARK [2][-]{subsection.3.2.1}{Fonction de base}{section.3.2}% 12
\BOOKMARK [2][-]{subsection.3.2.2}{Fonction de forme}{section.3.2}% 13
\BOOKMARK [1][-]{section.3.3}{Assemblage}{chapter.3}% 14
\BOOKMARK [2][-]{subsection.3.3.1}{Assemblage de A}{section.3.3}% 15
\BOOKMARK [2][-]{subsection.3.3.2}{Assemblage de B}{section.3.3}% 16
\BOOKMARK [1][-]{section.3.4}{Conditions limites}{chapter.3}% 17
\BOOKMARK [0][-]{chapter.4}{R\351sulatat}{}% 18
\BOOKMARK [1][-]{section.4.1}{Programme Matlab}{chapter.4}% 19
\BOOKMARK [1][-]{section.4.2}{Cas 1 }{chapter.4}% 20
\BOOKMARK [2][-]{subsection.4.2.1}{Solution analytique}{section.4.2}% 21
\BOOKMARK [2][-]{subsection.4.2.2}{R\351suletat graphique}{section.4.2}% 22
\BOOKMARK [2][-]{subsection.4.2.3}{Erreur}{section.4.2}% 23
\BOOKMARK [1][-]{section.4.3}{Cas 2 }{chapter.4}% 24
\BOOKMARK [2][-]{subsection.4.3.1}{Solution analytique}{section.4.3}% 25
\BOOKMARK [2][-]{subsection.4.3.2}{R\351suletat graphique}{section.4.3}% 26
\BOOKMARK [2][-]{subsection.4.3.3}{Erreur}{section.4.3}% 27
\BOOKMARK [0][-]{chapter.5}{Conclution}{}% 28
