\BOOKMARK [0][-]{chapter.1}{Probl\350me physique}{}% 1
\BOOKMARK [0][-]{chapter.2}{Solution analytique}{}% 2
\BOOKMARK [0][-]{chapter.3}{M\351thode num\351rique}{}% 3
\BOOKMARK [1][-]{section.3.1}{Sch\351ma de courant}{chapter.3}% 4
\BOOKMARK [2][-]{subsection.3.1.1}{Stabilit\351}{section.3.1}% 5
\BOOKMARK [2][-]{subsection.3.1.2}{Consistance }{section.3.1}% 6
\BOOKMARK [1][-]{section.3.2}{Sch\351ma de Lax-Wendroff}{chapter.3}% 7
\BOOKMARK [2][-]{subsection.3.2.1}{Stabilit\351}{section.3.2}% 8
\BOOKMARK [2][-]{subsection.3.2.2}{Consistance }{section.3.2}% 9
\BOOKMARK [1][-]{section.3.3}{Sch\351ma de leap-frog}{chapter.3}% 10
\BOOKMARK [2][-]{subsection.3.3.1}{Stabilit\351}{section.3.3}% 11
\BOOKMARK [2][-]{subsection.3.3.2}{Consistance }{section.3.3}% 12
\BOOKMARK [0][-]{chapter.4}{Etude num\351rique}{}% 13
\BOOKMARK [1][-]{section.4.1}{Solution exact}{chapter.4}% 14
\BOOKMARK [1][-]{section.4.2}{Solution exact et scheme courant}{chapter.4}% 15
\BOOKMARK [1][-]{section.4.3}{Solution exact et scheme laxwendroff }{chapter.4}% 16
\BOOKMARK [1][-]{section.4.4}{Solution exact et scheme leapfrog }{chapter.4}% 17
\BOOKMARK [0][-]{chapter.5}{Erreur num\351rique}{}% 18
\BOOKMARK [1][-]{section.5.1}{Error spatial }{chapter.5}% 19
\BOOKMARK [1][-]{section.5.2}{Precision temporelle }{chapter.5}% 20
\BOOKMARK [0][-]{chapter.6}{Conclusion}{}% 21
